[21:47:15.26] /o 
              /c                    PrimeWave Design Environment
              /c 
              /c            Version U-2023.03-SP2 for linux64 - Aug 24, 2023 00:53:01 
              /c 
              /c                     Copyright (c) 2000 - 2023 Synopsys, Inc.
              /c    This software and the associated documentation are proprietary to Synopsys,
              /c  Inc. This software may only be used in accordance with the terms and conditions
              /c  of a written license agreement with Synopsys, Inc. All other use, reproduction,
              /c    or distribution of this software is strictly prohibited.  Licensed Products
              /c      communicate with Synopsys servers for the purpose of providing software
              /c     updates, detecting software piracy and verifying that customers are using
              /c     Licensed Products in conformity with the applicable License Key for such
              /c   Licensed Products. Synopsys will use information gathered in connection with
              /c     this process to deliver software updates and pursue software pirates and
              /c                                    infringers.
              /c 
              /c  Inclusivity & Diversity - Visit SolvNetPlus to read the "Synopsys Statement on
              /c             Inclusivity and Diversity" (Refer to article 000036315 at
              /c                         https://solvnetplus.synopsys.com)
              /c 
              /c Build  (OPT) Config 9117514 compiled on Wed Aug 23 10:56:58 2023 for CentOS64 7.3
              /c Invocation: /mnt/vol_synopsys2023/synopsys/primewave/U-2023.03-SP2/linux64/platform/bin/primewave_st -gui 0 -log pw_shell_session0_job2 -libDefFile /mnt/vol_NFS_rh003/Est_VLSI_II_2024/kortiz/Proyecto_III/lib.defs
              /c Execution time: Sat Nov 16 21:47:10 2024
              /c Host: redhatclon
              /c 
[21:47:15.30] /m Information: Started sharing "Custom WaveView ADV" license. (WAVEFORM-110)
[21:47:15.30] /m Information: Started sharing "Primewave" license. (WAVEFORM-110)
[21:47:15.30] /m Information: Feature 'SynopsysCustomSAE' checked out. (LICENSE-003)
[21:47:20.87] /r giShowFrameTabs true
[21:47:20.88] /r giWindowId 1
[21:47:20.88] /r giWindowGeometry 1040x800
[21:47:20.98] /i ::sa::_backgroundSaeShell::signalProcessReady 1731815228 670405
[21:47:20.99] /o saeInterBGSaeShell:  ::sa::_backgroundSaeShell::processReady 12
[21:47:21.00] /i ::wf::viewerExited
[21:52:16.71] /m Information: Feature 'SynopsysCustomSAE' checked in. (LICENSE-004)
[21:52:16.71] /m Information: Stopped sharing "Primewave" license. (WAVEFORM-111)
[21:52:16.71] /m Information: Stopped sharing "Custom WaveView ADV" license. (WAVEFORM-111)
[21:52:22.25] /o saeInterBGSaeShell:  ::sa::_backgroundSaeShell::pingBack
[21:52:22.40] /i ::sa::_backgroundSaeShell::parentRunning
[21:52:22.40] /o false
[21:57:23.45] /o saeInterBGSaeShell:  ::sa::_backgroundSaeShell::pingBack
[21:57:23.60] /i ::sa::_backgroundSaeShell::parentRunning
[21:57:23.60] /o false
[22:02:24.65] /o saeInterBGSaeShell:  ::sa::_backgroundSaeShell::pingBack
[22:02:24.70] /i ::sa::_backgroundSaeShell::parentRunning
[22:02:24.70] /o false
[22:07:25.83] /o saeInterBGSaeShell:  ::sa::_backgroundSaeShell::pingBack
[22:07:25.90] /i ::sa::_backgroundSaeShell::parentRunning
[22:07:25.90] /o false
[22:12:27.01] /o saeInterBGSaeShell:  ::sa::_backgroundSaeShell::pingBack
[22:12:27.20] /i ::sa::_backgroundSaeShell::parentRunning
[22:12:27.20] /o false
[22:15:47.50] /i ::wf::viewerExited
[22:15:49.18] /i ::wf::updateViewerLicense 2
[22:16:09.96] /i ::wf::viewerExited
[22:17:28.21] /o saeInterBGSaeShell:  ::sa::_backgroundSaeShell::pingBack
[22:17:28.30] /i ::sa::_backgroundSaeShell::parentRunning
[22:17:28.30] /o false
[22:22:29.41] /o saeInterBGSaeShell:  ::sa::_backgroundSaeShell::pingBack
[22:22:29.60] /i ::sa::_backgroundSaeShell::parentRunning
[22:22:29.60] /o false
[22:27:30.61] /o saeInterBGSaeShell:  ::sa::_backgroundSaeShell::pingBack
[22:27:30.80] /i ::sa::_backgroundSaeShell::parentRunning
[22:27:30.80] /o false
[22:32:31.81] /o saeInterBGSaeShell:  ::sa::_backgroundSaeShell::pingBack
[22:32:31.90] /i ::sa::_backgroundSaeShell::parentRunning
[22:32:31.90] /o false
[22:37:33.01] /o saeInterBGSaeShell:  ::sa::_backgroundSaeShell::pingBack
[22:37:33.20] /i ::sa::_backgroundSaeShell::parentRunning
[22:37:33.20] /o false
[22:42:34.21] /o saeInterBGSaeShell:  ::sa::_backgroundSaeShell::pingBack
[22:42:34.40] /i ::sa::_backgroundSaeShell::parentRunning
[22:42:34.40] /o false
[22:47:35.41] /o saeInterBGSaeShell:  ::sa::_backgroundSaeShell::pingBack
[22:47:35.60] /i ::sa::_backgroundSaeShell::parentRunning
[22:47:35.60] /o false
[22:52:36.61] /o saeInterBGSaeShell:  ::sa::_backgroundSaeShell::pingBack
[22:52:36.80] /i ::sa::_backgroundSaeShell::parentRunning
[22:52:36.80] /o false
[22:57:37.81] /o saeInterBGSaeShell:  ::sa::_backgroundSaeShell::pingBack
[22:57:37.90] /i ::sa::_backgroundSaeShell::parentRunning
[22:57:37.90] /o false
[23:02:39.01] /o saeInterBGSaeShell:  ::sa::_backgroundSaeShell::pingBack
[23:02:39.20] /i ::sa::_backgroundSaeShell::parentRunning
[23:02:39.20] /o false
[23:07:40.21] /o saeInterBGSaeShell:  ::sa::_backgroundSaeShell::pingBack
[23:07:40.30] /i ::sa::_backgroundSaeShell::parentRunning
[23:07:40.30] /o false
[23:12:41.41] /o saeInterBGSaeShell:  ::sa::_backgroundSaeShell::pingBack
[23:12:41.60] /i ::sa::_backgroundSaeShell::parentRunning
[23:12:41.60] /o false
[23:17:42.61] /o saeInterBGSaeShell:  ::sa::_backgroundSaeShell::pingBack
[23:17:42.70] /i ::sa::_backgroundSaeShell::parentRunning
[23:17:42.70] /o false
[23:22:43.81] /o saeInterBGSaeShell:  ::sa::_backgroundSaeShell::pingBack
[23:22:44.00] /i ::sa::_backgroundSaeShell::parentRunning
[23:22:44.00] /o false
[23:27:45.01] /o saeInterBGSaeShell:  ::sa::_backgroundSaeShell::pingBack
[23:27:45.10] /i ::sa::_backgroundSaeShell::parentRunning
[23:27:45.10] /o false
[23:32:46.23] /o saeInterBGSaeShell:  ::sa::_backgroundSaeShell::pingBack
[23:32:46.40] /i ::sa::_backgroundSaeShell::parentRunning
[23:32:46.40] /o false
[23:37:47.43] /o saeInterBGSaeShell:  ::sa::_backgroundSaeShell::pingBack
[23:37:47.60] /i ::sa::_backgroundSaeShell::parentRunning
[23:37:47.60] /o false
[23:42:48.63] /o saeInterBGSaeShell:  ::sa::_backgroundSaeShell::pingBack
[23:42:48.70] /i ::sa::_backgroundSaeShell::parentRunning
[23:42:48.70] /o false
[23:47:49.83] /o saeInterBGSaeShell:  ::sa::_backgroundSaeShell::pingBack
[23:47:50.00] /i ::sa::_backgroundSaeShell::parentRunning
[23:47:50.00] /o false
[23:52:51.03] /o saeInterBGSaeShell:  ::sa::_backgroundSaeShell::pingBack
[23:52:51.10] /i ::sa::_backgroundSaeShell::parentRunning
[23:52:51.10] /o false
[23:57:52.23] /o saeInterBGSaeShell:  ::sa::_backgroundSaeShell::pingBack
[23:57:52.40] /i ::sa::_backgroundSaeShell::parentRunning
[23:57:52.40] /o false
[00:00:21.50] /# Date and Time: Sun Nov 17 00:00:21 2024
[00:00:21.50] /i ::wf::viewerExited
[00:00:23.03] /i ::wf::updateViewerLicense 2
[00:00:28.63] /o signal number = 15
              /c Information: Received "Terminate" signal. Sending  PID: 765804 UID: 1150. Process is terminated.
[00:00:28.64] /e Error: The application was unexpectedly terminated.
              /c See the session log file for recovery details. (SHUT_DOWN-001)
