[18:59:32.55] /o 
              /c                                 Custom Compiler™ 
              /c 
              /c                Version U-2023.03-SP2 for linux64 - Aug 25, 2023 
              /c 
              /c                     Copyright (c) 2004 - 2023 Synopsys, Inc.
              /c    This software and the associated documentation are proprietary to Synopsys,
              /c  Inc. This software may only be used in accordance with the terms and conditions
              /c  of a written license agreement with Synopsys, Inc. All other use, reproduction,
              /c    or distribution of this software is strictly prohibited.  Licensed Products
              /c      communicate with Synopsys servers for the purpose of providing software
              /c     updates, detecting software piracy and verifying that customers are using
              /c     Licensed Products in conformity with the applicable License Key for such
              /c   Licensed Products. Synopsys will use information gathered in connection with
              /c     this process to deliver software updates and pursue software pirates and
              /c                                    infringers.
              /c 
              /c  Inclusivity & Diversity - Visit SolvNetPlus to read the "Synopsys Statement on
              /c             Inclusivity and Diversity" (Refer to article 000036315 at
              /c                         https://solvnetplus.synopsys.com)
              /c 
              /c Build  (OPT) Config 9128410 compiled on Fri Aug 25 11:03:32 2023 for CentOS64 7.3
              /c Invocation: /mnt/vol_synopsys2023/synopsys/customcompiler/U-2023.03-SP2/linux64/platform/bin/cdesigner -loadAll true
              /c Execution time: Wed Oct 30 18:59:27 2024
              /c Host: redhatclon
              /c Working directory: /mnt/vol_NFS_rh003/Est_VLSI_II_2024/kortiz/Proyecto_III
              /c 
[18:59:44.94] /m Information: Registering ICV PERC package...
[18:59:45.21] /o 
[18:59:45.21] /o <> -------------------------------------------
[18:59:45.21] /o <>
[18:59:45.21] /o <> Loading XFAB PDK components
[18:59:45.21] /o <>  basic                            O.K
[18:59:45.23] /o <>  exports                          O.K
[18:59:45.25] /o <>  custom                           O.K
[18:59:45.26] /o <>  cdf                              O.K
[18:59:45.26] /o <>  netlisting                       O.K
[18:59:45.32] /o <>  useability                       O.K
[18:59:45.33] /o <>  synopsys                         O.K
[18:59:45.38] /o <>  pcellkit                         O.K
[18:59:45.44] /o <>  trigger_callbacks                O.K
[18:59:45.44] /o <> Loading XFAB PDK preferences
[18:59:45.73] /w Warning: Preference 'nlPromoteTerms' is deprecated and scheduled for removal in a future release with no replacement. For migration assistance, see the Custom Compiler Tcl Reference Manual. (PREFERENCE-058)
[18:59:45.76] /w Warning: Preference 'xtStarTcadGrdFile' is deprecated and scheduled for removal in a future release with no replacement. For migration assistance, see the Custom Compiler Tcl Reference Manual. (PREFERENCE-058)
[18:59:45.76] /o <> Loading Calibre presets for XFAB PDK
[18:59:45.76] /o <> Loading .xfabrc user script
[18:59:45.76] /o <>
[18:59:45.76] /o <> -------------------------------------------
[18:59:45.76] /o <>
[18:59:45.76] /o <> Technology     xt018
[18:59:45.76] /o <> Version        v12_1_1_1
[18:59:45.76] /o <> LibCode        1243
[18:59:45.76] /o <> Core           LP 1.8V
[18:59:45.76] /o <> Metal          Thin4
[18:59:45.76] /o <> TopMetal       METTP&METTPL
[18:59:45.76] /o <>
[18:59:45.76] /o <> -------------------------------------------
[18:59:45.76] /o 
[18:59:46.21] /r giShowFrameTabs false
[18:59:51.77] /# gi::executeAction {deMakeDesignsReadOnly} -in [gi::getWindows 0]
[18:59:51.77] /i de::showMakeDesignsReadOnly
[18:59:51.78] /m Information: No designs are open. (DESIGN_COMMANDS-101)
[18:59:58.99] /# gi::executeAction {deRecentFile_clk_clkx0x4_schematic_schematic_Editing} -in [gi::getWindows 0]
[18:59:58.99] /a de::open clk/clkx0x4/schematic -readOnly false
[18:59:59.02] /m Information: Feature 'SynopsysCustomLayout' checked out. (LICENSE-003)
[18:59:59.17] /r giWindowId 1
[18:59:59.17] /r giWindowGeometry 1632x947+5+55
[18:59:59.49] /o oa:0x415ccb80
[18:59:59.77] /i db::setAttr dockSize -of [gi::getAssistants dePropertyEditor -from [gi::getWindows 1]] -value 290x818
[19:00:04.92] /i gi::executeAction {seShowConsoleForWindow} -in [gi::getWindows 1]
[19:00:04.96] /m Information: Feature 'SynopsysCustomSAE' checked out. (LICENSE-003)
[19:00:04.99] /m Information: Started sharing "Custom WaveView ADV" license. (WAVEFORM-110)
[19:00:04.99] /m Information: Started sharing "Primewave" license. (WAVEFORM-110)
[19:00:05.10] /r giWindowId 2
[19:00:05.11] /r giWindowGeometry 600x500
[19:00:05.25] /r giWindowGeometry 600x500
[19:00:05.39] /m Information: Launching Background pw_shell Server Process "cd /mnt/vol_NFS_rh003/Est_VLSI_II_2024/kortiz/Proyecto_III && primewave_st -gui 0  -log pw_shell_session0_job1 -libDefFile /mnt/vol_NFS_rh003/Est_VLSI_II_2024/kortiz/Proyecto_III/lib.defs"
[19:00:05.57] /m Information: Launching Waveform Viewer "cd /mnt/vol_NFS_rh003/Est_VLSI_II_2024/kortiz/Proyecto_III/synopsys_custom &&  /mnt/vol_synopsys2023/synopsys/primewave/U-2023.03-SP2/bin/../auxx/auxx_for_cc/../../linux64/swv/bin/swv  -bg_gui -k -cdesigner -ptype wv -spxkey /mnt/vol_synopsys2023/synopsys/primewave/U-2023.03-SP2/auxx/auxx_for_cc/waveform/sae.spxkey -spxrc /tmp/tmp_sae_spxrc_aBCSFI -unique_string 6e8ccee998d81dc2920fb9049262422141d71a20029f362b96d0a7b23157bcd7fd65e93bb0a0c631 -lic_type 2    > /mnt/vol_NFS_rh003/Est_VLSI_II_2024/kortiz/Proyecto_III/synopsys_custom/viewer.log 2>&1"
[19:00:05.61] /m Information: Launching Result Viewer "cd /mnt/vol_NFS_rh003/Est_VLSI_II_2024/kortiz/Proyecto_III/synopsys_custom &&  /mnt/vol_synopsys2023/synopsys/primewave/U-2023.03-SP2/bin/../auxx/auxx_for_cc/../../linux64/swv/bin/swv  -bg_gui -log rvcmd.log -ptype rv -k -cdesigner -parent_cc_pid 521699 -spxkey /mnt/vol_synopsys2023/synopsys/primewave/U-2023.03-SP2/auxx/auxx_for_cc/waveform/sae.spxkey -unique_string 6e8ccee998d81dc2920fb9049262422141d71a20029f362b96d0a7b23157bcd7fd65e93bb0a0c631 -lic_type 2    > /mnt/vol_NFS_rh003/Est_VLSI_II_2024/kortiz/Proyecto_III/synopsys_custom/rviewer.log 2>&1"
[19:00:05.97] /i db::setAttr geometry -of [gi::getFrames 2] -value 600x517+5+55
[19:00:06.80] /i gi::setCurrentIndex {outputsTable} -index {0,1} -in [gi::getWindows 2]
[19:00:06.80] /i gi::setItemSelection {outputsTable} -index {} -in [gi::getWindows 2]
[19:00:08.39] /i sa::selectOutputs -outputIndex 0 -useCustomColors true -window 2
[19:00:08.44] /i gi::setField {outputsTable} -index {0,1} -value {} -in [gi::getWindows 2]
[19:00:08.44] /i gi::setCurrentIndex {outputsTable} -index {1,1} -in [gi::getWindows 2]
[19:00:08.44] /i gi::setItemSelection {outputsTable} -index {} -in [gi::getWindows 2]
[19:00:10.53] /# gi::executeAction {deAddPoint} -in [gi::getWindows 1]
[19:00:10.53] /i de::addPoint {3.45625 1.14375} -context [db::getNext [de::getContexts -window 1]]
[19:00:12.43] /i gi::setItemSelection {outputsTable} -index {} -in [gi::getWindows 2]
[19:00:14.23] /i sa::selectOutputs -outputIndex 1 -useCustomColors true -window 2
[19:00:14.29] /i gi::setField {outputsTable} -index {1,1} -value {} -in [gi::getWindows 2]
[19:00:14.29] /i gi::setCurrentIndex {outputsTable} -index {0,1} -in [gi::getWindows 2]
[19:00:14.29] /i gi::setItemSelection {outputsTable} -index {} -in [gi::getWindows 2]
[19:00:16.70] /m Information: Received ready-for-commands signal from background job 'pw_shell_session0_job1' after 11 seconds.
[19:00:17.75] /# gi::executeAction {deAddPoint} -in [gi::getWindows 1]
[19:00:17.76] /i de::addPoint {4.85625 1.275} -context [db::getNext [de::getContexts -window 1]]
[19:00:18.74] /# gi::executeAction {deAddPoint} -in [gi::getWindows 1]
[19:00:18.74] /i de::addPoint {4.84375 1.30625} -context [db::getNext [de::getContexts -window 1]]
[19:00:22.74] /i gi::setCurrentIndex {outputsTable} -index {2,1} -in [gi::getWindows 2]
[19:00:22.74] /i gi::setItemSelection {outputsTable} -index {} -in [gi::getWindows 2]
[19:00:24.27] /i sa::selectOutputs -outputIndex 2 -useCustomColors true -window 2
[19:00:24.39] /i gi::setField {outputsTable} -index {2,1} -value {} -in [gi::getWindows 2]
[19:00:24.40] /i gi::setCurrentIndex {outputsTable} -index {1,1} -in [gi::getWindows 2]
[19:00:24.40] /i gi::setItemSelection {outputsTable} -index {} -in [gi::getWindows 2]
[19:00:26.05] /# gi::executeAction {deAddPoint} -in [gi::getWindows 1]
[19:00:26.05] /i de::addPoint {3.3625 1.325} -context [db::getNext [de::getContexts -window 1]]
[19:00:28.81] /i gi::setCurrentIndex {outputsTable} -index {3,1} -in [gi::getWindows 2]
[19:00:28.81] /i gi::setItemSelection {outputsTable} -index {} -in [gi::getWindows 2]
[19:00:29.91] /i sa::selectOutputs -outputIndex 3 -useCustomColors true -window 2
[19:00:30.03] /i gi::setField {outputsTable} -index {3,1} -value {} -in [gi::getWindows 2]
[19:00:30.03] /i gi::setCurrentIndex {outputsTable} -index {2,1} -in [gi::getWindows 2]
[19:00:30.03] /i gi::setItemSelection {outputsTable} -index {} -in [gi::getWindows 2]
[19:00:31.47] /# gi::executeAction {deAddPoint} -in [gi::getWindows 1]
[19:00:31.47] /i de::addPoint {5.98125 1.3125} -context [db::getNext [de::getContexts -window 1]]
[19:00:34.83] /i gi::setActiveDialog [gi::getDialogs {saEditAnalysesDialogXsaeSession0} -parent [gi::getWindows 2]]
[19:00:35.12] /i db::setAttr geometry -of [gi::getDialogs {saEditAnalysesDialogXsaeSession0} -parent [gi::getWindows 2]] -value 680x652+600+64
[19:00:42.00] /i gi::setField {/analysesGroups/tabGeneral/anaPane/step} -value {0.1p} -in [gi::getDialogs {saEditAnalysesDialogXsaeSession0} -parent [gi::getWindows 2]]
[19:00:47.69] /i gi::setField {/analysesGroups/tabGeneral/anaPane/stop} -value {100n} -in [gi::getDialogs {saEditAnalysesDialogXsaeSession0} -parent [gi::getWindows 2]]
[19:00:47.69] /i gi::pressButton {/ok} -in [gi::getDialogs {saEditAnalysesDialogXsaeSession0} -parent [gi::getWindows 2]]
[19:00:47.82] /i gi::setCurrentIndex {analysisPane} -index {0,0} -in [gi::getWindows 2]
[19:00:49.92] /i gi::executeAction {menuPreShow} -in [gi::getWindows 2]
[19:00:49.92] /r giMenuAccess db::getNext [gi::getMenus saConsoleSimMenu -from [gi::getWindows 2]]
[19:00:51.07] /# gi::executeAction {saNetlistAndRun} -in [gi::getWindows 2]
[19:00:51.07] /i isa::netlistAndRun -testbench [sa::findActiveTestbench -window 2] -mode [sa::_utils::findRunMode 2]
[19:00:51.18] /r giWindowId 3
[19:00:51.20] /r giWindowGeometry 800x600+55+105
[19:00:52.58] /w Warning: Preference 'nlCDLShortPropNames' is deprecated and scheduled for removal in a future release. Use 'nlCDLIgnorePropNames' instead. For migration assistance, see the Custom Compiler Tcl Reference Manual. (PREFERENCE-070)
[19:00:52.58] /w Warning: Preference 'nlPromoteTerms' is deprecated and scheduled for removal in a future release with no replacement. For migration assistance, see the Custom Compiler Tcl Reference Manual. (PREFERENCE-058)
[19:00:52.58] /w Warning: Preference 'nlVHDLShortPropNames' is deprecated and scheduled for removal in a future release. Use 'nlVHDLIgnorePropNames' instead. For migration assistance, see the Custom Compiler Tcl Reference Manual. (PREFERENCE-070)
[19:00:52.58] /w Warning: Preference 'nlSpectreAMSShortPropNames' is deprecated and scheduled for removal in a future release. Use 'nlSpectreAMSIgnorePropNames' instead. For migration assistance, see the Custom Compiler Tcl Reference Manual. (PREFERENCE-070)
[19:00:52.58] /w Warning: Preference 'nlSpectreShortPropNames' is deprecated and scheduled for removal in a future release. Use 'nlSpectreIgnorePropNames' instead. For migration assistance, see the Custom Compiler Tcl Reference Manual. (PREFERENCE-070)
[19:00:52.58] /w Warning: Preference 'nlEldoShortPropNames' is deprecated and scheduled for removal in a future release. Use 'nlEldoIgnorePropNames' instead. For migration assistance, see the Custom Compiler Tcl Reference Manual. (PREFERENCE-070)
[19:00:52.58] /w Warning: Preference 'nlVerilogICCShortPropNames' is deprecated and scheduled for removal in a future release. Use 'nlVerilogICCIgnorePropNames' instead. For migration assistance, see the Custom Compiler Tcl Reference Manual. (PREFERENCE-070)
[19:00:52.58] /w Warning: Preference 'nlVerilogShortPropNames' is deprecated and scheduled for removal in a future release. Use 'nlVerilogIgnorePropNames' instead. For migration assistance, see the Custom Compiler Tcl Reference Manual. (PREFERENCE-070)
[19:00:52.58] /w Warning: Preference 'nlHSPICEShortPropNames' is deprecated and scheduled for removal in a future release. Use 'nlHSPICEIgnorePropNames' instead. For migration assistance, see the Custom Compiler Tcl Reference Manual. (PREFERENCE-070)
[19:00:52.58] /w Warning: Preference 'nlNanoSimShortPropNames' is deprecated and scheduled for removal in a future release. Use 'nlNanoSimIgnorePropNames' instead. For migration assistance, see the Custom Compiler Tcl Reference Manual. (PREFERENCE-070)
[19:00:52.58] /w Warning: Preference 'nlCDLPromoteConnectDefsAtTop' is deprecated and scheduled for removal in a future release. Use 'nlCDLTopVirtualTerms' instead. For migration assistance, see the Custom Compiler Tcl Reference Manual. (PREFERENCE-070)
[19:00:52.58] /w Warning: Preference 'nlAMSShortPropNames' is deprecated and scheduled for removal in a future release. Use 'nlAMSIgnorePropNames' instead. For migration assistance, see the Custom Compiler Tcl Reference Manual. (PREFERENCE-070)
[19:00:52.64] /m Information: Launching Background pw_shell Server Process "cd /mnt/vol_NFS_rh003/Est_VLSI_II_2024/kortiz/Proyecto_III && primewave_st -gui 0  -log pw_shell_session0_job2 -libDefFile /mnt/vol_NFS_rh003/Est_VLSI_II_2024/kortiz/Proyecto_III/lib.defs"
[19:00:52.64] /i gi::collapse {jobMonitorTable} -index {0.0.1,0} -in [gi::getWindows 3]
[19:00:52.66] /m Information: Starting netlisting for the test suite 'saeSession0'...
[19:00:52.68] /i db::setAttr geometry -of [gi::getDialogs {xtBgNRunProgress} -parent [gi::getWindows 2]] -value 507x64+42+230
[19:00:52.70] /i gi::setActiveDialog [gi::getDialogs {xtBgNRunProgress} -parent [gi::getWindows 2]]
[19:00:54.51] /m Information: Starting netlisting for the testbench: 'default'
[19:00:54.80] /i db::setAttr geometry -of [gi::getDialogs {xtBgNRunProgress} -parent [gi::getWindows 2]] -value 515x64+42+230
[19:00:55.50] /i db::setAttr geometry -of [gi::getDialogs {xtBgNRunProgress} -parent [gi::getWindows 2]] -value 501x64+42+230
[19:00:55.70] /m Information: Netlisting finished successfully for the testbench: 'default'
[19:00:55.72] /m Information: Netlisting finished successfully for the test suite 'saeSession0'.
[19:00:56.19] /m Information: Starting PrimeSimHSPICE simulation for design: clk/clkx0x4/schematic
[19:00:56.21] /i gi::collapse {jobMonitorTable} -index {0.0.0.0,0} -in [gi::getWindows 3]
[19:00:56.39] /i gi::setActiveWindow 2
[19:00:56.39] /i gi::setActiveWindow 2 -raise true
[19:00:56.53] /r giWindowId 4
[19:00:56.56] /r giWindowGeometry 1024x768+313+185
[19:00:56.57] /r giWindowId 5
[19:00:56.59] /r giWindowGeometry 1040x800
[19:00:59.32] /m Information: Simulation completed successfully for design: clk/clkx0x4/schematic  (PW-651)
[19:00:59.38] /m Information: Netlisting and simulation completed for testbench: default in 8s
[19:00:59.39] /m Information: Evaluating and plotting outputs...
[19:01:03.95] /m Information: Evaluating and plotting completed for testbench: default in 4s
[19:01:03.95] /m Information: Received ready-for-commands signal from background job 'pw_shell_session0_job2' after 11 seconds.
[19:01:04.03] /r giWindowId 6
[19:01:04.06] /r giWindowGeometry 1910x1020+5+55
[19:01:04.06] /i db::setAttr maximized -of [gi::getFrames 7] -value true
[19:01:21.16] /i gi::executeAction giCloseWindow -in [gi::getWindows 6]
[19:01:21.17] /i gi::setActiveWindow 4
[19:01:21.17] /i gi::setActiveWindow 4 -raise true
[19:01:22.01] /m Information: Waveform viewer exited normally.
[19:01:22.11] /m Information: Launching Waveform Viewer "cd /mnt/vol_NFS_rh003/Est_VLSI_II_2024/kortiz/Proyecto_III/synopsys_custom &&  /mnt/vol_synopsys2023/synopsys/primewave/U-2023.03-SP2/bin/../auxx/auxx_for_cc/../../linux64/swv/bin/swv  -bg_gui -k -cdesigner -ptype wv -spxkey /mnt/vol_synopsys2023/synopsys/primewave/U-2023.03-SP2/auxx/auxx_for_cc/waveform/sae.spxkey -spxrc /tmp/tmp_sae_spxrc_5idJQW -unique_string 6e8ccee998d81dc2920fb9049262422141d71a20029f362b96d0a7b23157bcd7cb28298dd0425916 -lic_type 2    > /mnt/vol_NFS_rh003/Est_VLSI_II_2024/kortiz/Proyecto_III/synopsys_custom/viewer.log 2>&1"
[19:01:23.47] /i gi::executeAction giCloseWindow -in [gi::getWindows 4]
[19:01:23.49] /i gi::setActiveWindow 2
[19:01:23.49] /i gi::setActiveWindow 2 -raise true
[19:01:25.95] /i gi::setField {outputsTable} -index {3,4} -value {false} -in [gi::getWindows 2]
[19:01:25.96] /i gi::setField {outputsTable} -index {3,4} -value {false} -in [gi::getWindows 2]
[19:01:36.88] /i gi::executeAction {menuPreShow} -in [gi::getWindows 2]
[19:01:36.89] /r giMenuAccess db::getNext [gi::getMenus saConsoleSimMenu -from [gi::getWindows 2]]
[19:01:38.42] /# gi::executeAction {saNetlistAndRun} -in [gi::getWindows 2]
[19:01:38.42] /i isa::netlistAndRun -testbench [sa::findActiveTestbench -window 2] -mode [sa::_utils::findRunMode 2]
[19:01:40.11] /w Warning: Preference 'nlCDLShortPropNames' is deprecated and scheduled for removal in a future release. Use 'nlCDLIgnorePropNames' instead. For migration assistance, see the Custom Compiler Tcl Reference Manual. (PREFERENCE-070)
[19:01:40.11] /w Warning: Preference 'nlPromoteTerms' is deprecated and scheduled for removal in a future release with no replacement. For migration assistance, see the Custom Compiler Tcl Reference Manual. (PREFERENCE-058)
[19:01:40.11] /w Warning: Preference 'nlVHDLShortPropNames' is deprecated and scheduled for removal in a future release. Use 'nlVHDLIgnorePropNames' instead. For migration assistance, see the Custom Compiler Tcl Reference Manual. (PREFERENCE-070)
[19:01:40.11] /w Warning: Preference 'nlSpectreAMSShortPropNames' is deprecated and scheduled for removal in a future release. Use 'nlSpectreAMSIgnorePropNames' instead. For migration assistance, see the Custom Compiler Tcl Reference Manual. (PREFERENCE-070)
[19:01:40.11] /w Warning: Preference 'nlSpectreShortPropNames' is deprecated and scheduled for removal in a future release. Use 'nlSpectreIgnorePropNames' instead. For migration assistance, see the Custom Compiler Tcl Reference Manual. (PREFERENCE-070)
[19:01:40.11] /w Warning: Preference 'nlEldoShortPropNames' is deprecated and scheduled for removal in a future release. Use 'nlEldoIgnorePropNames' instead. For migration assistance, see the Custom Compiler Tcl Reference Manual. (PREFERENCE-070)
[19:01:40.11] /w Warning: Preference 'nlVerilogICCShortPropNames' is deprecated and scheduled for removal in a future release. Use 'nlVerilogICCIgnorePropNames' instead. For migration assistance, see the Custom Compiler Tcl Reference Manual. (PREFERENCE-070)
[19:01:40.11] /w Warning: Preference 'nlVerilogShortPropNames' is deprecated and scheduled for removal in a future release. Use 'nlVerilogIgnorePropNames' instead. For migration assistance, see the Custom Compiler Tcl Reference Manual. (PREFERENCE-070)
[19:01:40.11] /w Warning: Preference 'nlHSPICEShortPropNames' is deprecated and scheduled for removal in a future release. Use 'nlHSPICEIgnorePropNames' instead. For migration assistance, see the Custom Compiler Tcl Reference Manual. (PREFERENCE-070)
[19:01:40.11] /w Warning: Preference 'nlNanoSimShortPropNames' is deprecated and scheduled for removal in a future release. Use 'nlNanoSimIgnorePropNames' instead. For migration assistance, see the Custom Compiler Tcl Reference Manual. (PREFERENCE-070)
[19:01:40.11] /w Warning: Preference 'nlCDLPromoteConnectDefsAtTop' is deprecated and scheduled for removal in a future release. Use 'nlCDLTopVirtualTerms' instead. For migration assistance, see the Custom Compiler Tcl Reference Manual. (PREFERENCE-070)
[19:01:40.11] /w Warning: Preference 'nlAMSShortPropNames' is deprecated and scheduled for removal in a future release. Use 'nlAMSIgnorePropNames' instead. For migration assistance, see the Custom Compiler Tcl Reference Manual. (PREFERENCE-070)
[19:01:40.17] /m Information: Starting netlisting for the test suite 'saeSession0'...
[19:01:40.20] /i db::setAttr geometry -of [gi::getDialogs {xtBgNRunProgress} -parent [gi::getWindows 2]] -value 507x64+42+230
[19:01:40.21] /i gi::setActiveDialog [gi::getDialogs {xtBgNRunProgress} -parent [gi::getWindows 2]]
[19:01:41.00] /m Information: Starting netlisting for the testbench: 'default'
[19:01:41.30] /i db::setAttr geometry -of [gi::getDialogs {xtBgNRunProgress} -parent [gi::getWindows 2]] -value 515x64+42+230
[19:01:41.80] /i db::setAttr geometry -of [gi::getDialogs {xtBgNRunProgress} -parent [gi::getWindows 2]] -value 501x64+42+230
[19:01:41.90] /m Information: Netlisting finished successfully for the testbench: 'default'
[19:01:41.91] /m Information: Netlisting finished successfully for the test suite 'saeSession0'.
[19:01:42.29] /m Information: Starting PrimeSimHSPICE simulation for design: clk/clkx0x4/schematic
[19:01:42.30] /i gi::collapse {jobMonitorTable} -index {0.0.0.0,0} -in [gi::getWindows 3]
[19:01:42.47] /i gi::setActiveWindow 2
[19:01:42.47] /i gi::setActiveWindow 2 -raise true
[19:01:42.62] /r giWindowId 7
[19:01:42.65] /r giWindowGeometry 1024x768+313+185
[19:01:42.66] /r giWindowId 8
[19:01:42.68] /r giWindowGeometry 1040x800
[19:01:45.72] /m Information: Simulation completed successfully for design: clk/clkx0x4/schematic  (PW-651)
[19:01:45.78] /m Information: Netlisting and simulation completed for testbench: default in 7s
[19:01:45.79] /m Information: Evaluating and plotting outputs...
[19:01:49.37] /m Information: Evaluating and plotting completed for testbench: default in 4s
[19:01:49.46] /r giWindowId 9
[19:01:49.51] /r giWindowGeometry 1910x1020+5+55
[19:01:49.51] /i db::setAttr maximized -of [gi::getFrames 11] -value true
[19:05:14.27] /i gi::executeAction giCloseWindow -in [gi::getWindows 9]
[19:05:14.33] /i gi::setActiveWindow 7
[19:05:14.33] /i gi::setActiveWindow 7 -raise true
[19:05:15.01] /m Information: Waveform viewer exited normally.
[19:05:15.18] /m Information: Launching Waveform Viewer "cd /mnt/vol_NFS_rh003/Est_VLSI_II_2024/kortiz/Proyecto_III/synopsys_custom &&  /mnt/vol_synopsys2023/synopsys/primewave/U-2023.03-SP2/bin/../auxx/auxx_for_cc/../../linux64/swv/bin/swv  -bg_gui -k -cdesigner -ptype wv -spxkey /mnt/vol_synopsys2023/synopsys/primewave/U-2023.03-SP2/auxx/auxx_for_cc/waveform/sae.spxkey -spxrc /tmp/tmp_sae_spxrc_ld0NeN -unique_string 6e8ccee998d81dc2920fb9049262422141d71a20029f362b96d0a7b23157bcd7e418103e2bf28d64 -lic_type 2    > /mnt/vol_NFS_rh003/Est_VLSI_II_2024/kortiz/Proyecto_III/synopsys_custom/viewer.log 2>&1"
[19:05:18.71] /i db::setAttr iconified -of [gi::getFrames 8] -value true
[19:05:18.75] /i gi::setActiveWindow 2
[19:05:18.75] /i gi::setActiveWindow 2 -raise true
[19:05:20.50] /i db::setAttr iconified -of [gi::getFrames 2] -value true
[19:05:20.54] /i gi::setActiveWindow 3
[19:05:20.54] /i gi::setActiveWindow 3 -raise true
[19:05:21.58] /i db::setAttr iconified -of [gi::getFrames 3] -value true
[19:05:21.61] /i gi::setActiveWindow 1
[19:05:21.61] /i gi::setActiveWindow 1 -raise true
[19:05:30.57] /# gi::executeAction {deSelectActive} -in [gi::getWindows 1]
[19:05:30.57] /i de::deselectAll [db::getNext [de::getContexts -window 1]]
[19:05:30.57] /i de::select [de::getActiveFigure [gi::getWindows 1] -point {5.29375 1.6375} -index 0 -intent none]
[19:05:30.58] /o oa:0x50b7b650
[19:05:33.39] /# gi::executeAction {deSelectActive} -in [gi::getWindows 1]
[19:05:33.39] /i de::deselectAll [db::getNext [de::getContexts -window 1]]
[19:05:33.39] /i de::deselectAllLogic -context [de::getContexts -filter {%editDesign==[db::getAttr editDesign -of [db::getNext [de::getContexts -window 1]]]}]
[19:05:36.09] /i gi::executeAction {seShowConsoleForWindow} -in [gi::getWindows 1]
[19:05:36.09] /# db::setAttr iconified -of [gi::getFrames 2] -value false
[19:05:38.30] /i gi::executeAction {menuPreShow} -in [gi::getWindows 2]
[19:05:38.30] /r giMenuAccess db::getNext [gi::getMenus saConsoleSimMenu -from [gi::getWindows 2]]
[19:05:38.66] /i gi::executeAction {menuPreShow} -in [gi::getWindows 2]
[19:05:38.66] /r giMenuAccess db::getNext [gi::getMenus saResultsMenu -from [gi::getWindows 2]]
[19:05:39.25] /i gi::executeAction {menuPreShow} -in [gi::getWindows 2]
[19:05:39.25] /r giMenuAccess db::getNext [gi::getMenus saConsoleSimMenu -from [gi::getWindows 2]]
[19:05:40.11] /# gi::executeAction {saNetlistAndRun} -in [gi::getWindows 2]
[19:05:40.11] /i isa::netlistAndRun -testbench [sa::findActiveTestbench -window 2] -mode [sa::_utils::findRunMode 2]
[19:05:40.25] /i db::setAttr iconified -of [gi::getFrames 3] -value false
[19:05:42.15] /w Warning: Preference 'nlCDLShortPropNames' is deprecated and scheduled for removal in a future release. Use 'nlCDLIgnorePropNames' instead. For migration assistance, see the Custom Compiler Tcl Reference Manual. (PREFERENCE-070)
[19:05:42.15] /w Warning: Preference 'nlPromoteTerms' is deprecated and scheduled for removal in a future release with no replacement. For migration assistance, see the Custom Compiler Tcl Reference Manual. (PREFERENCE-058)
[19:05:42.15] /w Warning: Preference 'nlVHDLShortPropNames' is deprecated and scheduled for removal in a future release. Use 'nlVHDLIgnorePropNames' instead. For migration assistance, see the Custom Compiler Tcl Reference Manual. (PREFERENCE-070)
[19:05:42.15] /w Warning: Preference 'nlSpectreAMSShortPropNames' is deprecated and scheduled for removal in a future release. Use 'nlSpectreAMSIgnorePropNames' instead. For migration assistance, see the Custom Compiler Tcl Reference Manual. (PREFERENCE-070)
[19:05:42.15] /w Warning: Preference 'nlSpectreShortPropNames' is deprecated and scheduled for removal in a future release. Use 'nlSpectreIgnorePropNames' instead. For migration assistance, see the Custom Compiler Tcl Reference Manual. (PREFERENCE-070)
[19:05:42.15] /w Warning: Preference 'nlEldoShortPropNames' is deprecated and scheduled for removal in a future release. Use 'nlEldoIgnorePropNames' instead. For migration assistance, see the Custom Compiler Tcl Reference Manual. (PREFERENCE-070)
[19:05:42.15] /w Warning: Preference 'nlVerilogICCShortPropNames' is deprecated and scheduled for removal in a future release. Use 'nlVerilogICCIgnorePropNames' instead. For migration assistance, see the Custom Compiler Tcl Reference Manual. (PREFERENCE-070)
[19:05:42.15] /w Warning: Preference 'nlVerilogShortPropNames' is deprecated and scheduled for removal in a future release. Use 'nlVerilogIgnorePropNames' instead. For migration assistance, see the Custom Compiler Tcl Reference Manual. (PREFERENCE-070)
[19:05:42.15] /w Warning: Preference 'nlHSPICEShortPropNames' is deprecated and scheduled for removal in a future release. Use 'nlHSPICEIgnorePropNames' instead. For migration assistance, see the Custom Compiler Tcl Reference Manual. (PREFERENCE-070)
[19:05:42.15] /w Warning: Preference 'nlNanoSimShortPropNames' is deprecated and scheduled for removal in a future release. Use 'nlNanoSimIgnorePropNames' instead. For migration assistance, see the Custom Compiler Tcl Reference Manual. (PREFERENCE-070)
[19:05:42.15] /w Warning: Preference 'nlCDLPromoteConnectDefsAtTop' is deprecated and scheduled for removal in a future release. Use 'nlCDLTopVirtualTerms' instead. For migration assistance, see the Custom Compiler Tcl Reference Manual. (PREFERENCE-070)
[19:05:42.15] /w Warning: Preference 'nlAMSShortPropNames' is deprecated and scheduled for removal in a future release. Use 'nlAMSIgnorePropNames' instead. For migration assistance, see the Custom Compiler Tcl Reference Manual. (PREFERENCE-070)
[19:05:42.21] /m Information: Starting netlisting for the test suite 'saeSession0'...
[19:05:42.26] /i db::setAttr geometry -of [gi::getDialogs {xtBgNRunProgress} -parent [gi::getWindows 2]] -value 507x64+42+230
[19:05:42.28] /i gi::setActiveDialog [gi::getDialogs {xtBgNRunProgress} -parent [gi::getWindows 2]]
[19:05:43.60] /m Information: Starting netlisting for the testbench: 'default'
[19:05:43.90] /i db::setAttr geometry -of [gi::getDialogs {xtBgNRunProgress} -parent [gi::getWindows 2]] -value 515x64+42+230
[19:05:45.00] /i db::setAttr geometry -of [gi::getDialogs {xtBgNRunProgress} -parent [gi::getWindows 2]] -value 501x64+42+230
[19:05:45.10] /m Information: Netlisting finished successfully for the testbench: 'default'
[19:05:45.13] /m Information: Netlisting finished successfully for the test suite 'saeSession0'.
[19:05:45.63] /m Information: Starting PrimeSimHSPICE simulation for design: clk/clkx0x4/schematic
[19:05:45.65] /i gi::collapse {jobMonitorTable} -index {0.0.0.0,0} -in [gi::getWindows 3]
[19:05:45.82] /i gi::setActiveWindow 2
[19:05:45.82] /i gi::setActiveWindow 2 -raise true
[19:05:48.42] /i gi::setActiveWindow 3
[19:05:48.42] /i gi::setActiveWindow 3 -raise true
[19:05:48.92] /m Information: Simulation completed successfully for design: clk/clkx0x4/schematic  (PW-651)
[19:05:48.98] /m Information: Netlisting and simulation completed for testbench: default in 8s
[19:05:48.98] /m Information: Evaluating and plotting outputs...
[19:05:54.34] /m Information: Evaluating and plotting completed for testbench: default in 6s
[19:05:54.43] /r giWindowId 10
[19:05:54.46] /r giWindowGeometry 1910x1020+5+55
[19:05:54.46] /i db::setAttr maximized -of [gi::getFrames 13] -value true
[19:06:50.01] /i db::setAttr iconified -of [gi::getFrames 13] -value true
[19:06:50.05] /i gi::setActiveWindow 3
[19:06:50.05] /i gi::setActiveWindow 3 -raise true
[19:06:50.05] /i gi::setCurrentIndex {jobMonitorTable} -index {0,0} -in [gi::getWindows 3]
[19:06:51.93] /i db::setAttr iconified -of [gi::getFrames 3] -value true
[19:06:51.96] /i gi::setActiveWindow 2
[19:06:51.96] /i gi::setActiveWindow 2 -raise true
[19:06:52.98] /i db::setAttr iconified -of [gi::getFrames 2] -value true
[19:06:53.01] /i gi::setActiveWindow 1
[19:06:53.01] /i gi::setActiveWindow 1 -raise true
[19:06:55.11] /i db::setAttr maximized -of [gi::getFrames 1] -value true
[19:06:55.43] /i db::setAttr dockSize -of [gi::getAssistants dePropertyEditor -from [gi::getWindows 1]] -value 290x891
[19:06:55.47] /i db::setAttr geometry -of [gi::getFrames 1] -value 1910x1020+5+55
[19:06:56.32] /# gi::executeAction {deFitEdit} -in [gi::getWindows 1]
[19:06:56.32] /i de::fit -window 1 -fitEdit true
[19:07:34.19] /# gi::executeAction {deSelectActive} -in [gi::getWindows 1]
[19:07:34.19] /i de::deselectAll [db::getNext [de::getContexts -window 1]]
[19:07:34.19] /i de::select [de::getActiveFigure [gi::getWindows 1] -point {1.8 0.8875} -index 0 -intent none]
[19:07:34.19] /o oa:0x53288310
[19:08:41.52] /i gi::setActiveWindow 10
[19:08:41.52] /i gi::setActiveWindow 10 -raise true
[19:08:41.53] /i db::setAttr maximized -of [gi::getFrames 13] -value true
[19:08:41.53] /i db::setAttr iconified -of [gi::getFrames 13] -value false
[19:10:24.52] /i gi::executeAction giCloseWindow -in [gi::getWindows 10]
[19:10:24.57] /i gi::setActiveWindow 1
[19:10:24.57] /i gi::setActiveWindow 1 -raise true
[19:10:25.12] /m Information: Waveform viewer exited normally.
[19:10:25.36] /m Information: Launching Waveform Viewer "cd /mnt/vol_NFS_rh003/Est_VLSI_II_2024/kortiz/Proyecto_III/synopsys_custom &&  /mnt/vol_synopsys2023/synopsys/primewave/U-2023.03-SP2/bin/../auxx/auxx_for_cc/../../linux64/swv/bin/swv  -bg_gui -k -cdesigner -ptype wv -spxkey /mnt/vol_synopsys2023/synopsys/primewave/U-2023.03-SP2/auxx/auxx_for_cc/waveform/sae.spxkey -spxrc /tmp/tmp_sae_spxrc_td2FPZ -unique_string 6e8ccee998d81dc2920fb9049262422141d71a20029f362b96d0a7b23157bcd790d1873c40ce6ca7 -lic_type 2    > /mnt/vol_NFS_rh003/Est_VLSI_II_2024/kortiz/Proyecto_III/synopsys_custom/viewer.log 2>&1"
[19:10:29.54] /i gi::executeAction giCloseWindow -in [gi::getWindows 1]
[19:10:29.67] /i gi::setActiveWindow 0
[19:10:29.67] /i gi::setActiveWindow 0 -raise true
[19:10:44.04] /i gi::executeAction giCloseWindow -in [gi::getWindows 0]
[19:10:44.17] /r giDialog gi::setActiveDialog [gi::getDialogs {deExitDialog} -parent [gi::getWindows 0]]
[19:10:44.48] /r giDialog db::setAttr geometry -of [gi::getDialogs {deExitDialog} -parent [gi::getWindows 0]] -value 354x207+128+752
[19:10:45.47] /r giDialog gi::pressButton {ok} -in [gi::getDialogs {deExitDialog} -parent [gi::getWindows 0]]
[19:10:45.57] /r giDialog db::setAttr iconified -of [gi::getFrames 2] -value false
[19:10:45.64] /r giDialog gi::setActiveDialog [gi::getDialogs {giPrompt} -parent [gi::getWindows 2]]
[19:10:45.92] /r giDialog db::setAttr geometry -of [gi::getDialogs {giPrompt} -parent [gi::getWindows 2]] -value 281x82+165+280
[19:11:00.52] /r giDialog gi::pressButton {discard} -in [gi::getDialogs {giPrompt} -parent [gi::getWindows 2]]
[19:11:00.53] /m Information: Sent exit command to WaveView.
[19:11:00.53] /m Information: Sent exit command to CalculateEngine.
[19:11:00.53] /m Information: Sent exit command to ResultsViewer.
[19:11:00.64] /m Information: Stopped sharing "Primewave" license. (WAVEFORM-111)
[19:11:00.64] /m Information: Stopped sharing "Custom WaveView ADV" license. (WAVEFORM-111)
[19:11:00.64] /m Information: Feature 'SynopsysCustomSAE' checked in. (LICENSE-004)
[19:11:13.87] /o Shutdown time: Wed Oct 30 19:11:13 2024
[19:11:13.87] /o Elapsed session real time: 11.7 minutes
[19:11:13.87] /o Session terminated. Log is at /mnt/vol_NFS_rh003/Est_VLSI_II_2024/kortiz/Proyecto_III/synopsys_custom/logs/ccompiler.ORTIZ_ARIAS.2024_10_30_185927_521699.log
[19:11:13.87] /o Error: X connection is broken. Error code: (APPLICATION_GUI-002)1
[19:11:13.88] /e Error: The application was unexpectedly terminated.
              /c See the session log file for recovery details. (SHUT_DOWN-001)
[19:11:13.89] /o Error: X connection is broken. Error code: (APPLICATION_GUI-002)1
[19:11:13.89] /e Error: The application was unexpectedly terminated.
              /c See the session log file for recovery details. (SHUT_DOWN-001)
