[19:22:15.17] /o 
              /c                    PrimeWave Design Environment
              /c 
              /c            Version U-2023.03-SP2 for linux64 - Aug 24, 2023 00:53:01 
              /c 
              /c                     Copyright (c) 2000 - 2023 Synopsys, Inc.
              /c    This software and the associated documentation are proprietary to Synopsys,
              /c  Inc. This software may only be used in accordance with the terms and conditions
              /c  of a written license agreement with Synopsys, Inc. All other use, reproduction,
              /c    or distribution of this software is strictly prohibited.  Licensed Products
              /c      communicate with Synopsys servers for the purpose of providing software
              /c     updates, detecting software piracy and verifying that customers are using
              /c     Licensed Products in conformity with the applicable License Key for such
              /c   Licensed Products. Synopsys will use information gathered in connection with
              /c     this process to deliver software updates and pursue software pirates and
              /c                                    infringers.
              /c 
              /c  Inclusivity & Diversity - Visit SolvNetPlus to read the "Synopsys Statement on
              /c             Inclusivity and Diversity" (Refer to article 000036315 at
              /c                         https://solvnetplus.synopsys.com)
              /c 
              /c Build  (OPT) Config 9117514 compiled on Wed Aug 23 10:56:58 2023 for CentOS64 7.3
              /c Invocation: /mnt/vol_synopsys2023/synopsys/primewave/U-2023.03-SP2/linux64/platform/bin/primewave_st -gui 0 -log pw_shell_session0_job2 -libDefFile /mnt/vol_NFS_rh003/Est_VLSI_II_2024/kortiz/Proyecto_III/lib.defs
              /c Execution time: Fri Nov 15 19:22:11 2024
              /c Host: redhatclon
              /c 
[19:22:15.21] /m Information: Started sharing "Custom WaveView ADV" license. (WAVEFORM-110)
[19:22:15.21] /m Information: Started sharing "Primewave" license. (WAVEFORM-110)
[19:22:15.22] /m Information: Feature 'SynopsysCustomSAE' checked out. (LICENSE-003)
[19:22:20.47] /r giShowFrameTabs true
[19:22:20.47] /r giWindowId 1
[19:22:20.47] /r giWindowGeometry 1040x800
[19:22:20.56] /i ::sa::_backgroundSaeShell::signalProcessReady 1731720128 392647
[19:22:20.57] /o saeInterBGSaeShell:  ::sa::_backgroundSaeShell::processReady 12
[19:22:20.86] /i ::wf::viewerExited
[19:23:08.31] /i ::wf::viewerExited
[19:23:09.80] /i ::wf::updateViewerLicense 2
[19:24:08.06] /i ::wf::viewerExited
[19:25:16.89] /i ::wf::viewerExited
[19:25:39.50] /i ::wf::viewerExited
[19:25:40.94] /i ::wf::updateViewerLicense 2
[19:25:51.82] /i ::wf::viewerExited
[19:26:21.40] /i ::wf::viewerExited
[19:26:22.92] /i ::wf::updateViewerLicense 2
[19:27:20.70] /m Information: Feature 'SynopsysCustomSAE' checked in. (LICENSE-004)
[19:27:20.70] /m Information: Stopped sharing "Primewave" license. (WAVEFORM-111)
[19:27:20.70] /m Information: Stopped sharing "Custom WaveView ADV" license. (WAVEFORM-111)
[19:27:21.80] /o saeInterBGSaeShell:  ::sa::_backgroundSaeShell::pingBack
[19:27:21.90] /i ::sa::_backgroundSaeShell::parentRunning
[19:27:21.90] /o false
[19:28:18.25] /i ::wf::viewerExited
[19:32:23.10] /o saeInterBGSaeShell:  ::sa::_backgroundSaeShell::pingBack
[19:32:23.20] /i ::sa::_backgroundSaeShell::parentRunning
[19:32:23.20] /o false
[19:37:24.40] /o saeInterBGSaeShell:  ::sa::_backgroundSaeShell::pingBack
[19:37:24.50] /i ::sa::_backgroundSaeShell::parentRunning
[19:37:24.50] /o false
[19:42:25.70] /o saeInterBGSaeShell:  ::sa::_backgroundSaeShell::pingBack
[19:42:25.90] /i ::sa::_backgroundSaeShell::parentRunning
[19:42:25.90] /o false
[19:47:27.00] /o saeInterBGSaeShell:  ::sa::_backgroundSaeShell::pingBack
[19:47:27.20] /i ::sa::_backgroundSaeShell::parentRunning
[19:47:27.20] /o false
[19:47:45.20] /i ::sa::_backgroundSaeShell::exit
[19:47:45.20] /o saeInterBGSaeShell:  ::sa::_backgroundSaeShell::childFormallyExiting
[19:47:47.31] /o Shutdown time: Fri Nov 15 19:47:47 2024
[19:47:47.31] /o Elapsed session real time: 25.55 minutes
[19:47:47.31] /o Session terminated. Log is at /mnt/vol_NFS_rh003/Est_VLSI_II_2024/kortiz/Proyecto_III/synopsys_custom/logs/primewave.ORTIZ_ARIAS.2024_11_15_192211_393776.log
