[14:40:19.40] /o 
              /c                    PrimeWave Design Environment
              /c 
              /c            Version U-2023.03-SP2 for linux64 - Aug 24, 2023 00:53:01 
              /c 
              /c                     Copyright (c) 2000 - 2023 Synopsys, Inc.
              /c    This software and the associated documentation are proprietary to Synopsys,
              /c  Inc. This software may only be used in accordance with the terms and conditions
              /c  of a written license agreement with Synopsys, Inc. All other use, reproduction,
              /c    or distribution of this software is strictly prohibited.  Licensed Products
              /c      communicate with Synopsys servers for the purpose of providing software
              /c     updates, detecting software piracy and verifying that customers are using
              /c     Licensed Products in conformity with the applicable License Key for such
              /c   Licensed Products. Synopsys will use information gathered in connection with
              /c     this process to deliver software updates and pursue software pirates and
              /c                                    infringers.
              /c 
              /c  Inclusivity & Diversity - Visit SolvNetPlus to read the "Synopsys Statement on
              /c             Inclusivity and Diversity" (Refer to article 000036315 at
              /c                         https://solvnetplus.synopsys.com)
              /c 
              /c Build  (OPT) Config 9117514 compiled on Wed Aug 23 10:56:58 2023 for CentOS64 7.3
              /c Invocation: /mnt/vol_synopsys2023/synopsys/primewave/U-2023.03-SP2/linux64/platform/bin/primewave_st -gui 0 -log pw_shell_session6_job1 -libDefFile /mnt/vol_NFS_rh003/Est_VLSI_II_2024/kortiz/Proyecto_III/lib.defs
              /c Execution time: Thu Oct 31 14:40:15 2024
              /c Host: redhatclon
              /c 
[14:40:19.43] /m Information: Started sharing "Custom WaveView ADV" license. (WAVEFORM-110)
[14:40:19.43] /m Information: Started sharing "Primewave" license. (WAVEFORM-110)
[14:40:19.43] /m Information: Feature 'SynopsysCustomSAE' checked out. (LICENSE-003)
[14:40:24.48] /r giShowFrameTabs true
[14:40:24.48] /r giWindowId 1
[14:40:24.48] /r giWindowGeometry 1040x800
[14:40:24.57] /i ::sa::_backgroundSaeShell::signalProcessReady 1730407213 800525
[14:40:24.57] /o saeInterBGSaeShell:  ::sa::_backgroundSaeShell::processReady 11
[14:40:24.58] /i ::wf::updateViewerLicense 2
[14:40:24.72] /i ::wf::updateViewerLicense 2
[14:40:29.89] /i ::sa::_backgroundSaeShell::runScript /home/ORTIZ_ARIAS/simulation/clk,clkx0x4,schematic/bg_script.tcl 0 sa::_testSuite::netlistAndRun::structNetlistingDone scriptDir /home/ORTIZ_ARIAS/simulation/clk,clkx0x4,schematic testSuiteName saeSession3 cmdArgs {default 1 1 0 1 0} taskId 3 isReRun 1
[14:40:30.88] /o 
[14:40:30.88] /o <> -------------------------------------------
[14:40:30.88] /o <>
[14:40:30.88] /o <> Loading XFAB PDK components
[14:40:30.88] /o <>  basic                            O.K
[14:40:30.90] /o <>  exports                          O.K
[14:40:30.91] /o <>  custom                           O.K
[14:40:30.92] /o <>  cdf                              O.K
[14:40:30.92] /o <>  netlisting                       O.K
[14:40:30.95] /o <>  useability                       WRN
[14:40:30.95] /e Error: "Following error happened during execution of ::gi::_giConsoleMessenger::_addToWindowType procedure during TCL callback Error: There are no registered attributes for object type 'string'. (TCL_OBJECT-008)" (POSTMAN-005)
[14:40:30.96] /o <>  synopsys                         O.K
[14:40:31.00] /o <>  pcellkit                         O.K
[14:40:31.03] /o <>  trigger_callbacks                O.K
[14:40:31.03] /o <> Loading XFAB PDK preferences
[14:40:31.04] /w Warning: Could not set the value of preference xtDRCTool because it does not exist. (PREFERENCE-016)
[14:40:31.04] /w Warning: Could not set the value of preference xtLVSTool because it does not exist. (PREFERENCE-016)
[14:40:31.04] /w Warning: Could not set the value of preference xtLVSSchNetlister because it does not exist. (PREFERENCE-016)
[14:40:31.04] /w Warning: Could not set the value of preference xtLPELVSTool because it does not exist. (PREFERENCE-016)
[14:40:31.04] /w Warning: Could not set the value of preference lxSplit because it does not exist. (PREFERENCE-016)
[14:40:31.04] /w Warning: Could not set the value of preference lxMFactorNames because it does not exist. (PREFERENCE-016)
[14:40:31.04] /w Warning: Could not set the value of preference lxTopBottomPinLPP because it does not exist. (PREFERENCE-016)
[14:40:31.04] /w Warning: Could not set the value of preference lxLeftRightPinLPP because it does not exist. (PREFERENCE-016)
[14:40:31.04] /w Warning: Preference 'nlPromoteTerms' is deprecated and scheduled for removal in a future release with no replacement. For migration assistance, see the Custom Compiler Tcl Reference Manual. (PREFERENCE-058)
[14:40:31.04] /w Warning: Could not set the value of preference xtPVLayerMapFile because it does not exist. (PREFERENCE-016)
[14:40:31.04] /w Warning: Could not set the value of preference xtLPEStarRunsetFile because it does not exist. (PREFERENCE-016)
[14:40:31.04] /w Warning: Could not set the value of preference xtStarTcadGrdFile because it does not exist. (PREFERENCE-016)
[14:40:31.04] /w Warning: Could not set the value of preference xtDRCICVIncludePaths because it does not exist. (PREFERENCE-016)
[14:40:31.04] /w Warning: Could not set the value of preference xtLVSICVIncludePaths because it does not exist. (PREFERENCE-016)
[14:40:31.04] /w Warning: Could not set the value of preference xtCDLViewSearchList because it does not exist. (PREFERENCE-016)
[14:40:31.04] /w Warning: Could not set the value of preference xtCDLViewStopList because it does not exist. (PREFERENCE-016)
[14:40:31.04] /w Warning: Could not set the value of preference xtDRCICVRunsetFile because it does not exist. (PREFERENCE-016)
[14:40:31.04] /w Warning: Could not set the value of preference xtLVSICVRunsetFile because it does not exist. (PREFERENCE-016)
[14:40:31.05] /w Warning: Could not set the value of preference xtDRCICVControlVars because it does not exist. (PREFERENCE-016)
[14:40:31.05] /w Warning: Could not set the value of preference xtLVSICVControlVars because it does not exist. (PREFERENCE-016)
[14:40:31.05] /o <> Loading Calibre presets for XFAB PDK
[14:40:31.05] /w Warning: Could not set the value of preference xtCalibreNetlistExportNetlisterEnabled because it does not exist. (PREFERENCE-016)
[14:40:31.05] /w Warning: Could not set the value of preference xtCalibreNetlistExportNetlister because it does not exist. (PREFERENCE-016)
[14:40:31.05] /w Warning: Could not set the value of preference xtCalibreNetlistExportViewList because it does not exist. (PREFERENCE-016)
[14:40:31.05] /w Warning: Could not set the value of preference xtCalibreNetlistExportStopList because it does not exist. (PREFERENCE-016)
[14:40:31.05] /o <> Loading .xfabrc user script
[14:40:31.05] /o <>
[14:40:31.05] /o <> -------------------------------------------
[14:40:31.05] /o <>
[14:40:31.05] /o <> Technology     xt018
[14:40:31.05] /o <> Version        v12_1_1_1
[14:40:31.05] /o <> LibCode        1243
[14:40:31.05] /o <> Core           LP 1.8V
[14:40:31.05] /o <> Metal          Thin4
[14:40:31.05] /o <> TopMetal       METTP&METTPL
[14:40:31.05] /o <>
[14:40:31.05] /o <> -------------------------------------------
[14:40:31.05] /o 
[14:40:31.05] /m Information: WARNLOAD  /mnt/vol_synopsys2023/pdks/xfab/design/xkit/xt018/synopsys/v12_1/PDK/CustomCompiler/v12_1_1_1/scripts/useability/xt018_mimant_check.tcl
[14:40:31.50] /w Warning: Preference 'dbParamTrimTrailingZeroesAfterDecimalPoint' is deprecated and scheduled for removal in a future release with no replacement. For migration assistance, see the Custom Compiler Tcl Reference Manual. (PREFERENCE-058)
[14:40:31.57] /w Warning: Error: Initializing startup file ':/auxx/layout_editor/startup.tcl' failed:
              /c Error: Initializing startup file ':/auxx/constraints/startup.tcl' failed:
              /c Error: Initializing startup file ':/auxx/constraints/bindings.tcl' failed:
              /c Error: Could not execute command 'gi::createBinding' because the supplied object 'cmDelete' for argument '-action' is invalid: Action with specified name does not exist. (COMMAND-026) (STARTUP-002) (STARTUP-002) (STARTUP-002)
[14:40:31.59] /w Warning: Preference 'nlNanoSimShortPropNames' is deprecated and scheduled for removal in a future release. Use 'nlNanoSimIgnorePropNames' instead. For migration assistance, see the Custom Compiler Tcl Reference Manual. (PREFERENCE-070)
[14:40:31.59] /w Warning: Preference 'nlCDLPromoteConnectDefsAtTop' is deprecated and scheduled for removal in a future release. Use 'nlCDLTopVirtualTerms' instead. For migration assistance, see the Custom Compiler Tcl Reference Manual. (PREFERENCE-070)
[14:40:31.59] /w Warning: Preference 'nlVerilogShortPropNames' is deprecated and scheduled for removal in a future release. Use 'nlVerilogIgnorePropNames' instead. For migration assistance, see the Custom Compiler Tcl Reference Manual. (PREFERENCE-070)
[14:40:31.59] /w Warning: Preference 'nlCDLShortPropNames' is deprecated and scheduled for removal in a future release. Use 'nlCDLIgnorePropNames' instead. For migration assistance, see the Custom Compiler Tcl Reference Manual. (PREFERENCE-070)
[14:40:31.59] /w Warning: Preference 'nlEldoShortPropNames' is deprecated and scheduled for removal in a future release. Use 'nlEldoIgnorePropNames' instead. For migration assistance, see the Custom Compiler Tcl Reference Manual. (PREFERENCE-070)
[14:40:31.59] /w Warning: Preference 'nlSpectreAMSShortPropNames' is deprecated and scheduled for removal in a future release. Use 'nlSpectreAMSIgnorePropNames' instead. For migration assistance, see the Custom Compiler Tcl Reference Manual. (PREFERENCE-070)
[14:40:31.59] /w Warning: Preference 'nlVHDLShortPropNames' is deprecated and scheduled for removal in a future release. Use 'nlVHDLIgnorePropNames' instead. For migration assistance, see the Custom Compiler Tcl Reference Manual. (PREFERENCE-070)
[14:40:31.59] /w Warning: Preference 'nlVerilogICCShortPropNames' is deprecated and scheduled for removal in a future release. Use 'nlVerilogICCIgnorePropNames' instead. For migration assistance, see the Custom Compiler Tcl Reference Manual. (PREFERENCE-070)
[14:40:31.59] /w Warning: Preference 'nlPromoteTerms' is deprecated and scheduled for removal in a future release with no replacement. For migration assistance, see the Custom Compiler Tcl Reference Manual. (PREFERENCE-058)
[14:40:31.59] /w Warning: Preference 'nlAMSShortPropNames' is deprecated and scheduled for removal in a future release. Use 'nlAMSIgnorePropNames' instead. For migration assistance, see the Custom Compiler Tcl Reference Manual. (PREFERENCE-070)
[14:40:31.59] /w Warning: Preference 'nlSpectreShortPropNames' is deprecated and scheduled for removal in a future release. Use 'nlSpectreIgnorePropNames' instead. For migration assistance, see the Custom Compiler Tcl Reference Manual. (PREFERENCE-070)
[14:40:31.59] /w Warning: Preference 'nlHSPICEShortPropNames' is deprecated and scheduled for removal in a future release. Use 'nlHSPICEIgnorePropNames' instead. For migration assistance, see the Custom Compiler Tcl Reference Manual. (PREFERENCE-070)
[14:40:31.62] /o saeInterBGSaeShell:  ::sa::netlistAndRun::updateBgNRunMsg /home/ORTIZ_ARIAS/simulation/clk,clkx0x4,schematic/history_1/simulation/default/PrimeSimHSPICE/nominal/results "Creating structural netlist for testbench default ..." 0 1
[14:40:31.65] /m Information: "Starting incremental netlisting for design "clk/clkx0x4/schematic"..." (NETLISTING-010)
[14:40:31.67] /o Netlisting
[14:40:31.67] /o Creating output directories
[14:40:31.92] /m Information: 
[14:40:31.92] /o Checking "clk/clkx0x4/schematic"
[14:40:31.92] /o No rule violations found in "clk/clkx0x4/schematic"
[14:40:31.93] /o No Design Integrity rule violations found in "clk/clkx0x4/schematic"
[14:40:31.93] /o Scanning: clk/clkx0x4/schematic
[14:40:32.04] /o Scanning: GATES_HD/invr/schematic
[14:40:32.12] /o Scanning: D_CELLS_HDLL/DFFHDLLX0/cmos_sch
[14:40:32.13] /o Computing terminal lists
[14:40:32.13] /o Processing terminals of module GATES_HD/invr/schematic
[14:40:32.14] /o Processing terminals of module D_CELLS_HDLL/DFFHDLLX0/cmos_sch
[14:40:32.14] /w Warning: Port 'gnd' given in termOrder/portOrder does not exist in the design 'D_CELLS_HDLL/DFFHDLLX0/cmos_sch'. (NETLISTING-083)
[14:40:32.14] /w Warning: Port 'vdd' given in termOrder/portOrder does not exist in the design 'D_CELLS_HDLL/DFFHDLLX0/cmos_sch'. (NETLISTING-083)
[14:40:32.14] /w Warning: Both portOrder and termOrder exists for 'D_CELLS_HDLL/DFFHDLLX0/cmos_sch'. The termOrder '(CN D Q QN gnd vdd)' will be used. (NETLISTING-079)
[14:40:32.14] /o Processing terminals of module clk/clkx0x4/schematic
[14:40:32.15] /o Starting netlisting
[14:40:32.19] /o Formatting clk/clkx0x4/schematic
[14:40:32.25] /m Information: "clk clkx0x4 schematic" renetlisted. (NETLISTING-056)
[14:40:32.26] /m Information: "Netlisting design "clk/clkx0x4/schematic" finished successfully." (NETLISTING-012)
[14:40:32.27] /m Information: Composing simulator input file for design "clk/clkx0x4/schematic"...
[14:40:32.40] /m Information: Simulator input file composed successfully for design "clk/clkx0x4/schematic"
[14:40:32.40] /o saeInterBGSaeShell:  ::sa::netlistAndRun::updateBgNRunMsg /home/ORTIZ_ARIAS/simulation/clk,clkx0x4,schematic/history_1/simulation/default/PrimeSimHSPICE/nominal/results "Creating final netlist for testbench default ..." 0 0
[14:40:32.52] /o 
[14:40:32.66] /o saeInterBGSaeShell:  ::sa::netlistAndRun::updateBgNRunMsg /home/ORTIZ_ARIAS/simulation/clk,clkx0x4,schematic/history_1/simulation/default/PrimeSimHSPICE/nominal/results "Composing simulation job for testbench default - Nominal " 1 1
[14:40:32.68] /o saeInterBGSaeShell:  ::sa::_backgroundSaeShell::scriptFinished 2.7 {} sa::_testSuite::netlistAndRun::structNetlistingDone scriptDir /home/ORTIZ_ARIAS/simulation/clk,clkx0x4,schematic testSuiteName saeSession3 cmdArgs {default 1 1 0 1 0} taskId 3 isReRun 1
[14:40:32.68] /o false
[14:40:32.69] /i db::setAttr geometry -of [gi::getFrames 1] -value 1014x710+5+52
[14:40:39.88] /i ::sa::_backgroundSaeShell::runScript /home/ORTIZ_ARIAS/simulation/clk,clkx0x4,schematic/history_1/simulation/default/PrimeSimHSPICE/nominal/.bg_measurement_script.tcl 0 sa::_resultsDatabase::saeShellProcessingCompletedProc testSuiteName saeSession3 uniqueSessionName {} testbenchName default resultsDir /home/ORTIZ_ARIAS/simulation/clk,clkx0x4,schematic/history_1/simulation/default/PrimeSimHSPICE/nominal/results testSuiteDir /home/ORTIZ_ARIAS/simulation/clk,clkx0x4,schematic/history_1/simulation/default/PrimeSimHSPICE/nominal databaseName /home/ORTIZ_ARIAS/simulation/clk,clkx0x4,schematic/history_1/simulation/default/PrimeSimHSPICE/nominal/resultsDatabase remoteRun {} testbenchId 1 saveImages true
[14:40:39.91] /m Information: Feature 'SynopsysCustomSAE' checked in. (LICENSE-004)
[14:40:39.91] /o 
[14:40:39.91] /m Information: Feature 'SynopsysCustomSAE' checked out. (LICENSE-003)
[14:40:40.05] /m Information: Loading preferences from /home/ORTIZ_ARIAS/simulation/clk,clkx0x4,schematic/history_1/simulation/default/PrimeSimHSPICE/nominal/pw_shell_session_prefs.xml
[14:40:40.39] /m Information: Start incremental database creation...
[14:40:40.40] /m Information: Create Iter role param id map
[14:40:40.42] /o saeInterBGSaeShell:  ::sa::_backgroundSaeShell::scriptFinished 0.5 {} sa::_resultsDatabase::saeShellProcessingCompletedProc testSuiteName saeSession3 uniqueSessionName {} testbenchName default resultsDir /home/ORTIZ_ARIAS/simulation/clk,clkx0x4,schematic/history_1/simulation/default/PrimeSimHSPICE/nominal/results testSuiteDir /home/ORTIZ_ARIAS/simulation/clk,clkx0x4,schematic/history_1/simulation/default/PrimeSimHSPICE/nominal databaseName /home/ORTIZ_ARIAS/simulation/clk,clkx0x4,schematic/history_1/simulation/default/PrimeSimHSPICE/nominal/resultsDatabase remoteRun {} testbenchId 1 saveImages true
[14:40:40.42] /o false
[14:40:40.42] /i ::wf::viewerExited
[14:40:51.31] /i ::wf::viewerExited
[14:40:52.84] /i ::wf::updateViewerLicense 2
[14:40:55.14] /i ::sa::_backgroundSaeShell::exit
[14:40:55.14] /o saeInterBGSaeShell:  ::sa::_backgroundSaeShell::childFormallyExiting
[14:40:57.73] /o Shutdown time: Thu Oct 31 14:40:57 2024
[14:40:57.73] /o Elapsed session real time: 0.65 minutes
[14:40:57.74] /o Session terminated. Log is at /mnt/vol_NFS_rh003/Est_VLSI_II_2024/kortiz/Proyecto_III/synopsys_custom/logs/primewave.ORTIZ_ARIAS.2024_10_31_144015_820853.log
