[14:52:44.03] /o 
              /c                    PrimeWave Design Environment
              /c 
              /c            Version U-2023.03-SP2 for linux64 - Aug 24, 2023 00:53:01 
              /c 
              /c                     Copyright (c) 2000 - 2023 Synopsys, Inc.
              /c    This software and the associated documentation are proprietary to Synopsys,
              /c  Inc. This software may only be used in accordance with the terms and conditions
              /c  of a written license agreement with Synopsys, Inc. All other use, reproduction,
              /c    or distribution of this software is strictly prohibited.  Licensed Products
              /c      communicate with Synopsys servers for the purpose of providing software
              /c     updates, detecting software piracy and verifying that customers are using
              /c     Licensed Products in conformity with the applicable License Key for such
              /c   Licensed Products. Synopsys will use information gathered in connection with
              /c     this process to deliver software updates and pursue software pirates and
              /c                                    infringers.
              /c 
              /c  Inclusivity & Diversity - Visit SolvNetPlus to read the "Synopsys Statement on
              /c             Inclusivity and Diversity" (Refer to article 000036315 at
              /c                         https://solvnetplus.synopsys.com)
              /c 
              /c Build  (OPT) Config 9117514 compiled on Wed Aug 23 10:56:58 2023 for CentOS64 7.3
              /c Invocation: /mnt/vol_synopsys2023/synopsys/primewave/U-2023.03-SP2/linux64/platform/bin/primewave_st -gui 0 -log pw_shell_session10_job2 -libDefFile /mnt/vol_NFS_rh003/Est_VLSI_II_2024/kortiz/Proyecto_III/lib.defs
              /c Execution time: Thu Oct 31 14:52:40 2024
              /c Host: redhatclon
              /c 
[14:52:44.07] /m Information: Started sharing "Custom WaveView ADV" license. (WAVEFORM-110)
[14:52:44.07] /m Information: Started sharing "Primewave" license. (WAVEFORM-110)
[14:52:44.07] /m Information: Feature 'SynopsysCustomSAE' checked out. (LICENSE-003)
[14:52:49.14] /r giShowFrameTabs true
[14:52:49.14] /r giWindowId 1
[14:52:49.14] /r giWindowGeometry 1040x800
[14:52:49.24] /i ::sa::_backgroundSaeShell::signalProcessReady 1730407958 800525
[14:52:49.24] /o saeInterBGSaeShell:  ::sa::_backgroundSaeShell::processReady 11
[14:52:49.25] /i ::wf::viewerExited
[14:53:22.51] /i ::wf::viewerExited
[14:53:23.98] /i ::wf::updateViewerLicense 2
[14:53:27.55] /i ::sa::_backgroundSaeShell::exit
[14:53:27.55] /o saeInterBGSaeShell:  ::sa::_backgroundSaeShell::childFormallyExiting
[14:53:29.76] /o Shutdown time: Thu Oct 31 14:53:29 2024
[14:53:29.76] /o Elapsed session real time: 0.76 minutes
[14:53:29.76] /o Session terminated. Log is at /mnt/vol_NFS_rh003/Est_VLSI_II_2024/kortiz/Proyecto_III/synopsys_custom/logs/primewave.ORTIZ_ARIAS.2024_10_31_145240_836866.log
