[14:41:52.97] /o 
              /c                    PrimeWave Design Environment
              /c 
              /c            Version U-2023.03-SP2 for linux64 - Aug 24, 2023 00:53:01 
              /c 
              /c                     Copyright (c) 2000 - 2023 Synopsys, Inc.
              /c    This software and the associated documentation are proprietary to Synopsys,
              /c  Inc. This software may only be used in accordance with the terms and conditions
              /c  of a written license agreement with Synopsys, Inc. All other use, reproduction,
              /c    or distribution of this software is strictly prohibited.  Licensed Products
              /c      communicate with Synopsys servers for the purpose of providing software
              /c     updates, detecting software piracy and verifying that customers are using
              /c     Licensed Products in conformity with the applicable License Key for such
              /c   Licensed Products. Synopsys will use information gathered in connection with
              /c     this process to deliver software updates and pursue software pirates and
              /c                                    infringers.
              /c 
              /c  Inclusivity & Diversity - Visit SolvNetPlus to read the "Synopsys Statement on
              /c             Inclusivity and Diversity" (Refer to article 000036315 at
              /c                         https://solvnetplus.synopsys.com)
              /c 
              /c Build  (OPT) Config 9117514 compiled on Wed Aug 23 10:56:58 2023 for CentOS64 7.3
              /c Invocation: /mnt/vol_synopsys2023/synopsys/primewave/U-2023.03-SP2/linux64/platform/bin/primewave_st -gui 0 -log pw_shell_session8_job2 -libDefFile /mnt/vol_NFS_rh003/Est_VLSI_II_2024/kortiz/Proyecto_III/lib.defs
              /c Execution time: Thu Oct 31 14:41:48 2024
              /c Host: redhatclon
              /c 
[14:41:53.00] /m Information: Started sharing "Custom WaveView ADV" license. (WAVEFORM-110)
[14:41:53.00] /m Information: Started sharing "Primewave" license. (WAVEFORM-110)
[14:41:53.00] /m Information: Feature 'SynopsysCustomSAE' checked out. (LICENSE-003)
[14:41:57.93] /r giShowFrameTabs true
[14:41:57.93] /r giWindowId 1
[14:41:57.93] /r giWindowGeometry 1040x800
[14:41:58.02] /i ::sa::_backgroundSaeShell::signalProcessReady 1730407306 800525
[14:41:58.02] /o saeInterBGSaeShell:  ::sa::_backgroundSaeShell::processReady 12
[14:41:58.22] /i ::wf::viewerExited
[14:43:03.71] /i ::wf::viewerExited
[14:43:05.34] /i ::wf::updateViewerLicense 2
[14:45:47.67] /i ::wf::viewerExited
[14:46:53.20] /m Information: Feature 'SynopsysCustomSAE' checked in. (LICENSE-004)
[14:46:53.21] /m Information: Stopped sharing "Primewave" license. (WAVEFORM-111)
[14:46:53.21] /m Information: Stopped sharing "Custom WaveView ADV" license. (WAVEFORM-111)
[14:46:59.22] /o saeInterBGSaeShell:  ::sa::_backgroundSaeShell::pingBack
[14:46:59.30] /i ::sa::_backgroundSaeShell::parentRunning
[14:46:59.30] /o false
[14:48:25.32] /i ::wf::viewerExited
[14:49:00.71] /i ::wf::viewerExited
[14:49:02.09] /i ::wf::updateViewerLicense 2
[14:49:47.51] /i ::wf::viewerExited
[14:50:02.70] /i ::wf::viewerExited
[14:50:04.17] /i ::wf::updateViewerLicense 2
[14:50:47.07] /i ::wf::viewerExited
[14:51:24.75] /i ::wf::viewerExited
[14:51:31.40] /i ::wf::viewerExited
[14:51:32.74] /i ::wf::updateViewerLicense 2
[14:52:00.42] /o saeInterBGSaeShell:  ::sa::_backgroundSaeShell::pingBack
[14:52:00.50] /i ::sa::_backgroundSaeShell::parentRunning
[14:52:00.50] /o false
[14:52:06.65] /i ::sa::_backgroundSaeShell::exit
[14:52:06.65] /o saeInterBGSaeShell:  ::sa::_backgroundSaeShell::childFormallyExiting
[14:52:08.82] /o Shutdown time: Thu Oct 31 14:52:08 2024
[14:52:08.82] /o Elapsed session real time: 10.26 minutes
[14:52:08.83] /o Session terminated. Log is at /mnt/vol_NFS_rh003/Est_VLSI_II_2024/kortiz/Proyecto_III/synopsys_custom/logs/primewave.ORTIZ_ARIAS.2024_10_31_144148_822734.log
