[19:00:11.44] /o 
              /c                    PrimeWave Design Environment
              /c 
              /c            Version U-2023.03-SP2 for linux64 - Aug 24, 2023 00:53:01 
              /c 
              /c                     Copyright (c) 2000 - 2023 Synopsys, Inc.
              /c    This software and the associated documentation are proprietary to Synopsys,
              /c  Inc. This software may only be used in accordance with the terms and conditions
              /c  of a written license agreement with Synopsys, Inc. All other use, reproduction,
              /c    or distribution of this software is strictly prohibited.  Licensed Products
              /c      communicate with Synopsys servers for the purpose of providing software
              /c     updates, detecting software piracy and verifying that customers are using
              /c     Licensed Products in conformity with the applicable License Key for such
              /c   Licensed Products. Synopsys will use information gathered in connection with
              /c     this process to deliver software updates and pursue software pirates and
              /c                                    infringers.
              /c 
              /c  Inclusivity & Diversity - Visit SolvNetPlus to read the "Synopsys Statement on
              /c             Inclusivity and Diversity" (Refer to article 000036315 at
              /c                         https://solvnetplus.synopsys.com)
              /c 
              /c Build  (OPT) Config 9117514 compiled on Wed Aug 23 10:56:58 2023 for CentOS64 7.3
              /c Invocation: /mnt/vol_synopsys2023/synopsys/primewave/U-2023.03-SP2/linux64/platform/bin/primewave_st -gui 0 -log pw_shell_session0_job1 -libDefFile /mnt/vol_NFS_rh003/Est_VLSI_II_2024/kortiz/Proyecto_III/lib.defs
              /c Execution time: Wed Oct 30 19:00:07 2024
              /c Host: redhatclon
              /c 
[19:00:11.47] /m Information: Started sharing "Custom WaveView ADV" license. (WAVEFORM-110)
[19:00:11.47] /m Information: Started sharing "Primewave" license. (WAVEFORM-110)
[19:00:11.48] /m Information: Feature 'SynopsysCustomSAE' checked out. (LICENSE-003)
[19:00:16.44] /r giShowFrameTabs true
[19:00:16.44] /r giWindowId 1
[19:00:16.44] /r giWindowGeometry 1040x800
[19:00:16.55] /i ::sa::_backgroundSaeShell::signalProcessReady 1730336405 521699
[19:00:16.56] /o saeInterBGSaeShell:  ::sa::_backgroundSaeShell::processReady 11
[19:00:16.57] /i ::wf::updateViewerLicense 2
[19:00:16.72] /i ::wf::updateViewerLicense 2
[19:00:52.64] /i ::sa::_backgroundSaeShell::runScript /home/ORTIZ_ARIAS/simulation/clk,clkx0x4,schematic/bg_script.tcl 0 sa::_testSuite::netlistAndRun::structNetlistingDone scriptDir /home/ORTIZ_ARIAS/simulation/clk,clkx0x4,schematic testSuiteName saeSession0 cmdArgs {default 1 1 0 1 0} taskId 0 isReRun 1
[19:00:53.69] /o 
[19:00:53.69] /o <> -------------------------------------------
[19:00:53.69] /o <>
[19:00:53.69] /o <> Loading XFAB PDK components
[19:00:53.69] /o <>  basic                            O.K
[19:00:53.71] /o <>  exports                          O.K
[19:00:53.73] /o <>  custom                           O.K
[19:00:53.73] /o <>  cdf                              O.K
[19:00:53.74] /o <>  netlisting                       O.K
[19:00:53.77] /o <>  useability                       WRN
[19:00:53.77] /e Error: "Following error happened during execution of ::gi::_giConsoleMessenger::_addToWindowType procedure during TCL callback Error: There are no registered attributes for object type 'string'. (TCL_OBJECT-008)" (POSTMAN-005)
[19:00:53.78] /o <>  synopsys                         O.K
[19:00:53.83] /o <>  pcellkit                         O.K
[19:00:53.86] /o <>  trigger_callbacks                O.K
[19:00:53.86] /o <> Loading XFAB PDK preferences
[19:00:53.86] /w Warning: Could not set the value of preference xtDRCTool because it does not exist. (PREFERENCE-016)
[19:00:53.86] /w Warning: Could not set the value of preference xtLVSTool because it does not exist. (PREFERENCE-016)
[19:00:53.86] /w Warning: Could not set the value of preference xtLVSSchNetlister because it does not exist. (PREFERENCE-016)
[19:00:53.87] /w Warning: Could not set the value of preference xtLPELVSTool because it does not exist. (PREFERENCE-016)
[19:00:53.87] /w Warning: Could not set the value of preference lxSplit because it does not exist. (PREFERENCE-016)
[19:00:53.87] /w Warning: Could not set the value of preference lxMFactorNames because it does not exist. (PREFERENCE-016)
[19:00:53.87] /w Warning: Could not set the value of preference lxTopBottomPinLPP because it does not exist. (PREFERENCE-016)
[19:00:53.87] /w Warning: Could not set the value of preference lxLeftRightPinLPP because it does not exist. (PREFERENCE-016)
[19:00:53.87] /w Warning: Preference 'nlPromoteTerms' is deprecated and scheduled for removal in a future release with no replacement. For migration assistance, see the Custom Compiler Tcl Reference Manual. (PREFERENCE-058)
[19:00:53.87] /w Warning: Could not set the value of preference xtPVLayerMapFile because it does not exist. (PREFERENCE-016)
[19:00:53.87] /w Warning: Could not set the value of preference xtLPEStarRunsetFile because it does not exist. (PREFERENCE-016)
[19:00:53.87] /w Warning: Could not set the value of preference xtStarTcadGrdFile because it does not exist. (PREFERENCE-016)
[19:00:53.87] /w Warning: Could not set the value of preference xtDRCICVIncludePaths because it does not exist. (PREFERENCE-016)
[19:00:53.87] /w Warning: Could not set the value of preference xtLVSICVIncludePaths because it does not exist. (PREFERENCE-016)
[19:00:53.87] /w Warning: Could not set the value of preference xtCDLViewSearchList because it does not exist. (PREFERENCE-016)
[19:00:53.87] /w Warning: Could not set the value of preference xtCDLViewStopList because it does not exist. (PREFERENCE-016)
[19:00:53.87] /w Warning: Could not set the value of preference xtDRCICVRunsetFile because it does not exist. (PREFERENCE-016)
[19:00:53.87] /w Warning: Could not set the value of preference xtLVSICVRunsetFile because it does not exist. (PREFERENCE-016)
[19:00:53.88] /w Warning: Could not set the value of preference xtDRCICVControlVars because it does not exist. (PREFERENCE-016)
[19:00:53.88] /w Warning: Could not set the value of preference xtLVSICVControlVars because it does not exist. (PREFERENCE-016)
[19:00:53.88] /o <> Loading Calibre presets for XFAB PDK
[19:00:53.88] /w Warning: Could not set the value of preference xtCalibreNetlistExportNetlisterEnabled because it does not exist. (PREFERENCE-016)
[19:00:53.88] /w Warning: Could not set the value of preference xtCalibreNetlistExportNetlister because it does not exist. (PREFERENCE-016)
[19:00:53.88] /w Warning: Could not set the value of preference xtCalibreNetlistExportViewList because it does not exist. (PREFERENCE-016)
[19:00:53.88] /w Warning: Could not set the value of preference xtCalibreNetlistExportStopList because it does not exist. (PREFERENCE-016)
[19:00:53.88] /o <> Loading .xfabrc user script
[19:00:53.88] /o <>
[19:00:53.88] /o <> -------------------------------------------
[19:00:53.88] /o <>
[19:00:53.88] /o <> Technology     xt018
[19:00:53.88] /o <> Version        v12_1_1_1
[19:00:53.88] /o <> LibCode        1243
[19:00:53.88] /o <> Core           LP 1.8V
[19:00:53.88] /o <> Metal          Thin4
[19:00:53.88] /o <> TopMetal       METTP&METTPL
[19:00:53.88] /o <>
[19:00:53.88] /o <> -------------------------------------------
[19:00:53.88] /o 
[19:00:53.88] /m Information: WARNLOAD  /mnt/vol_synopsys2023/pdks/xfab/design/xkit/xt018/synopsys/v12_1/PDK/CustomCompiler/v12_1_1_1/scripts/useability/xt018_mimant_check.tcl
[19:00:54.27] /w Warning: Preference 'dbParamTrimTrailingZeroesAfterDecimalPoint' is deprecated and scheduled for removal in a future release with no replacement. For migration assistance, see the Custom Compiler Tcl Reference Manual. (PREFERENCE-058)
[19:00:54.35] /w Warning: Error: Initializing startup file ':/auxx/layout_editor/startup.tcl' failed:
              /c Error: Initializing startup file ':/auxx/constraints/startup.tcl' failed:
              /c Error: Initializing startup file ':/auxx/constraints/bindings.tcl' failed:
              /c Error: Could not execute command 'gi::createBinding' because the supplied object 'cmDelete' for argument '-action' is invalid: Action with specified name does not exist. (COMMAND-026) (STARTUP-002) (STARTUP-002) (STARTUP-002)
[19:00:54.37] /w Warning: Preference 'nlNanoSimShortPropNames' is deprecated and scheduled for removal in a future release. Use 'nlNanoSimIgnorePropNames' instead. For migration assistance, see the Custom Compiler Tcl Reference Manual. (PREFERENCE-070)
[19:00:54.37] /w Warning: Preference 'nlCDLPromoteConnectDefsAtTop' is deprecated and scheduled for removal in a future release. Use 'nlCDLTopVirtualTerms' instead. For migration assistance, see the Custom Compiler Tcl Reference Manual. (PREFERENCE-070)
[19:00:54.37] /w Warning: Preference 'nlVerilogShortPropNames' is deprecated and scheduled for removal in a future release. Use 'nlVerilogIgnorePropNames' instead. For migration assistance, see the Custom Compiler Tcl Reference Manual. (PREFERENCE-070)
[19:00:54.37] /w Warning: Preference 'nlCDLShortPropNames' is deprecated and scheduled for removal in a future release. Use 'nlCDLIgnorePropNames' instead. For migration assistance, see the Custom Compiler Tcl Reference Manual. (PREFERENCE-070)
[19:00:54.37] /w Warning: Preference 'nlEldoShortPropNames' is deprecated and scheduled for removal in a future release. Use 'nlEldoIgnorePropNames' instead. For migration assistance, see the Custom Compiler Tcl Reference Manual. (PREFERENCE-070)
[19:00:54.37] /w Warning: Preference 'nlSpectreAMSShortPropNames' is deprecated and scheduled for removal in a future release. Use 'nlSpectreAMSIgnorePropNames' instead. For migration assistance, see the Custom Compiler Tcl Reference Manual. (PREFERENCE-070)
[19:00:54.37] /w Warning: Preference 'nlVHDLShortPropNames' is deprecated and scheduled for removal in a future release. Use 'nlVHDLIgnorePropNames' instead. For migration assistance, see the Custom Compiler Tcl Reference Manual. (PREFERENCE-070)
[19:00:54.37] /w Warning: Preference 'nlVerilogICCShortPropNames' is deprecated and scheduled for removal in a future release. Use 'nlVerilogICCIgnorePropNames' instead. For migration assistance, see the Custom Compiler Tcl Reference Manual. (PREFERENCE-070)
[19:00:54.37] /w Warning: Preference 'nlPromoteTerms' is deprecated and scheduled for removal in a future release with no replacement. For migration assistance, see the Custom Compiler Tcl Reference Manual. (PREFERENCE-058)
[19:00:54.37] /w Warning: Preference 'nlAMSShortPropNames' is deprecated and scheduled for removal in a future release. Use 'nlAMSIgnorePropNames' instead. For migration assistance, see the Custom Compiler Tcl Reference Manual. (PREFERENCE-070)
[19:00:54.37] /w Warning: Preference 'nlSpectreShortPropNames' is deprecated and scheduled for removal in a future release. Use 'nlSpectreIgnorePropNames' instead. For migration assistance, see the Custom Compiler Tcl Reference Manual. (PREFERENCE-070)
[19:00:54.37] /w Warning: Preference 'nlHSPICEShortPropNames' is deprecated and scheduled for removal in a future release. Use 'nlHSPICEIgnorePropNames' instead. For migration assistance, see the Custom Compiler Tcl Reference Manual. (PREFERENCE-070)
[19:00:54.40] /o saeInterBGSaeShell:  ::sa::netlistAndRun::updateBgNRunMsg /home/ORTIZ_ARIAS/simulation/clk,clkx0x4,schematic/history_1/simulation/default/PrimeSimHSPICE/nominal/results "Creating structural netlist for testbench default ..." 0 1
[19:00:54.42] /m Information: "Starting incremental netlisting for design "clk/clkx0x4/schematic"..." (NETLISTING-010)
[19:00:54.44] /o Netlisting
[19:00:54.44] /o Creating output directories
[19:00:54.73] /m Information: 
[19:00:54.73] /o Checking "clk/clkx0x4/schematic"
[19:00:54.73] /o No rule violations found in "clk/clkx0x4/schematic"
[19:00:54.73] /o No Design Integrity rule violations found in "clk/clkx0x4/schematic"
[19:00:54.73] /o Scanning: clk/clkx0x4/schematic
[19:00:54.85] /o Scanning: GATES_HD/invr/schematic
[19:00:54.94] /o Scanning: D_CELLS_HDLL/DFFHDLLX0/cmos_sch
[19:00:54.95] /o Computing terminal lists
[19:00:54.96] /o Processing terminals of module GATES_HD/invr/schematic
[19:00:54.96] /o Processing terminals of module D_CELLS_HDLL/DFFHDLLX0/cmos_sch
[19:00:54.97] /w Warning: Port 'gnd' given in termOrder/portOrder does not exist in the design 'D_CELLS_HDLL/DFFHDLLX0/cmos_sch'. (NETLISTING-083)
[19:00:54.97] /w Warning: Port 'vdd' given in termOrder/portOrder does not exist in the design 'D_CELLS_HDLL/DFFHDLLX0/cmos_sch'. (NETLISTING-083)
[19:00:54.97] /w Warning: Both portOrder and termOrder exists for 'D_CELLS_HDLL/DFFHDLLX0/cmos_sch'. The termOrder '(CN D Q QN gnd vdd)' will be used. (NETLISTING-079)
[19:00:54.97] /o Processing terminals of module clk/clkx0x4/schematic
[19:00:54.97] /o Starting netlisting
[19:00:55.03] /m Information: "Netlisting design "clk/clkx0x4/schematic" finished successfully." (NETLISTING-012)
[19:00:55.05] /m Information: Composing simulator input file for design "clk/clkx0x4/schematic"...
[19:00:55.20] /m Information: Simulator input file composed successfully for design "clk/clkx0x4/schematic"
[19:00:55.20] /o saeInterBGSaeShell:  ::sa::netlistAndRun::updateBgNRunMsg /home/ORTIZ_ARIAS/simulation/clk,clkx0x4,schematic/history_1/simulation/default/PrimeSimHSPICE/nominal/results "Creating final netlist for testbench default ..." 0 0
[19:00:55.38] /o 
[19:00:55.52] /o saeInterBGSaeShell:  ::sa::netlistAndRun::updateBgNRunMsg /home/ORTIZ_ARIAS/simulation/clk,clkx0x4,schematic/history_1/simulation/default/PrimeSimHSPICE/nominal/results "Composing simulation job for testbench default - Nominal " 1 1
[19:00:55.54] /o saeInterBGSaeShell:  ::sa::_backgroundSaeShell::scriptFinished 2.9 {} sa::_testSuite::netlistAndRun::structNetlistingDone scriptDir /home/ORTIZ_ARIAS/simulation/clk,clkx0x4,schematic testSuiteName saeSession0 cmdArgs {default 1 1 0 1 0} taskId 0 isReRun 1
[19:00:55.54] /o false
[19:00:55.56] /i db::setAttr geometry -of [gi::getFrames 1] -value 1014x710+5+52
[19:01:03.95] /i ::sa::_backgroundSaeShell::runScript /home/ORTIZ_ARIAS/simulation/clk,clkx0x4,schematic/history_1/simulation/default/PrimeSimHSPICE/nominal/.bg_measurement_script.tcl 0 sa::_resultsDatabase::saeShellProcessingCompletedProc testSuiteName saeSession0 uniqueSessionName {} testbenchName default resultsDir /home/ORTIZ_ARIAS/simulation/clk,clkx0x4,schematic/history_1/simulation/default/PrimeSimHSPICE/nominal/results testSuiteDir /home/ORTIZ_ARIAS/simulation/clk,clkx0x4,schematic/history_1/simulation/default/PrimeSimHSPICE/nominal databaseName /home/ORTIZ_ARIAS/simulation/clk,clkx0x4,schematic/history_1/simulation/default/PrimeSimHSPICE/nominal/resultsDatabase remoteRun {} testbenchId 1 saveImages true
[19:01:03.97] /m Information: Feature 'SynopsysCustomSAE' checked in. (LICENSE-004)
[19:01:03.97] /o 
[19:01:03.97] /m Information: Feature 'SynopsysCustomSAE' checked out. (LICENSE-003)
[19:01:04.11] /m Information: Loading preferences from /home/ORTIZ_ARIAS/simulation/clk,clkx0x4,schematic/history_1/simulation/default/PrimeSimHSPICE/nominal/pw_shell_session_prefs.xml
[19:01:04.53] /m Information: Start incremental database creation...
[19:01:04.57] /m Information: Create Iter role param id map
[19:01:04.60] /o saeInterBGSaeShell:  ::sa::_backgroundSaeShell::scriptFinished 0.6 {} sa::_resultsDatabase::saeShellProcessingCompletedProc testSuiteName saeSession0 uniqueSessionName {} testbenchName default resultsDir /home/ORTIZ_ARIAS/simulation/clk,clkx0x4,schematic/history_1/simulation/default/PrimeSimHSPICE/nominal/results testSuiteDir /home/ORTIZ_ARIAS/simulation/clk,clkx0x4,schematic/history_1/simulation/default/PrimeSimHSPICE/nominal databaseName /home/ORTIZ_ARIAS/simulation/clk,clkx0x4,schematic/history_1/simulation/default/PrimeSimHSPICE/nominal/resultsDatabase remoteRun {} testbenchId 1 saveImages true
[19:01:04.60] /o false
[19:01:04.60] /i ::wf::viewerExited
[19:01:22.00] /i ::wf::viewerExited
[19:01:23.47] /i ::wf::updateViewerLicense 2
[19:01:40.17] /i ::sa::_backgroundSaeShell::runScript /home/ORTIZ_ARIAS/simulation/clk,clkx0x4,schematic/bg_script.tcl 0 sa::_testSuite::netlistAndRun::structNetlistingDone scriptDir /home/ORTIZ_ARIAS/simulation/clk,clkx0x4,schematic testSuiteName saeSession0 cmdArgs {default 1 1 0 1 0} taskId 1 isReRun 1
[19:01:40.19] /m Information: Feature 'SynopsysCustomSAE' checked in. (LICENSE-004)
[19:01:40.20] /o 
[19:01:40.20] /m Information: Feature 'SynopsysCustomSAE' checked out. (LICENSE-003)
[19:01:40.79] /w Warning: Preference 'dbParamTrimTrailingZeroesAfterDecimalPoint' is deprecated and scheduled for removal in a future release with no replacement. For migration assistance, see the Custom Compiler Tcl Reference Manual. (PREFERENCE-058)
[19:01:40.89] /w Warning: Preference 'nlNanoSimShortPropNames' is deprecated and scheduled for removal in a future release. Use 'nlNanoSimIgnorePropNames' instead. For migration assistance, see the Custom Compiler Tcl Reference Manual. (PREFERENCE-070)
[19:01:40.89] /w Warning: Preference 'nlCDLPromoteConnectDefsAtTop' is deprecated and scheduled for removal in a future release. Use 'nlCDLTopVirtualTerms' instead. For migration assistance, see the Custom Compiler Tcl Reference Manual. (PREFERENCE-070)
[19:01:40.89] /w Warning: Preference 'nlVerilogShortPropNames' is deprecated and scheduled for removal in a future release. Use 'nlVerilogIgnorePropNames' instead. For migration assistance, see the Custom Compiler Tcl Reference Manual. (PREFERENCE-070)
[19:01:40.89] /w Warning: Preference 'nlCDLShortPropNames' is deprecated and scheduled for removal in a future release. Use 'nlCDLIgnorePropNames' instead. For migration assistance, see the Custom Compiler Tcl Reference Manual. (PREFERENCE-070)
[19:01:40.89] /w Warning: Preference 'nlEldoShortPropNames' is deprecated and scheduled for removal in a future release. Use 'nlEldoIgnorePropNames' instead. For migration assistance, see the Custom Compiler Tcl Reference Manual. (PREFERENCE-070)
[19:01:40.89] /w Warning: Preference 'nlSpectreAMSShortPropNames' is deprecated and scheduled for removal in a future release. Use 'nlSpectreAMSIgnorePropNames' instead. For migration assistance, see the Custom Compiler Tcl Reference Manual. (PREFERENCE-070)
[19:01:40.89] /w Warning: Preference 'nlVHDLShortPropNames' is deprecated and scheduled for removal in a future release. Use 'nlVHDLIgnorePropNames' instead. For migration assistance, see the Custom Compiler Tcl Reference Manual. (PREFERENCE-070)
[19:01:40.89] /w Warning: Preference 'nlVerilogICCShortPropNames' is deprecated and scheduled for removal in a future release. Use 'nlVerilogICCIgnorePropNames' instead. For migration assistance, see the Custom Compiler Tcl Reference Manual. (PREFERENCE-070)
[19:01:40.89] /w Warning: Preference 'nlPromoteTerms' is deprecated and scheduled for removal in a future release with no replacement. For migration assistance, see the Custom Compiler Tcl Reference Manual. (PREFERENCE-058)
[19:01:40.89] /w Warning: Preference 'nlAMSShortPropNames' is deprecated and scheduled for removal in a future release. Use 'nlAMSIgnorePropNames' instead. For migration assistance, see the Custom Compiler Tcl Reference Manual. (PREFERENCE-070)
[19:01:40.89] /w Warning: Preference 'nlSpectreShortPropNames' is deprecated and scheduled for removal in a future release. Use 'nlSpectreIgnorePropNames' instead. For migration assistance, see the Custom Compiler Tcl Reference Manual. (PREFERENCE-070)
[19:01:40.89] /w Warning: Preference 'nlHSPICEShortPropNames' is deprecated and scheduled for removal in a future release. Use 'nlHSPICEIgnorePropNames' instead. For migration assistance, see the Custom Compiler Tcl Reference Manual. (PREFERENCE-070)
[19:01:40.94] /o saeInterBGSaeShell:  ::sa::netlistAndRun::updateBgNRunMsg /home/ORTIZ_ARIAS/simulation/clk,clkx0x4,schematic/history_1/simulation/default/PrimeSimHSPICE/nominal/results "Creating structural netlist for testbench default ..." 0 1
[19:01:40.96] /m Information: "Starting incremental netlisting for design "clk/clkx0x4/schematic"..." (NETLISTING-010)
[19:01:40.98] /o Netlisting
[19:01:40.98] /o Creating output directories
[19:01:41.10] /m Information: 
[19:01:41.10] /o Checking "clk/clkx0x4/schematic"
[19:01:41.10] /o No rule violations found in "clk/clkx0x4/schematic"
[19:01:41.10] /o No Design Integrity rule violations found in "clk/clkx0x4/schematic"
[19:01:41.10] /o Scanning: clk/clkx0x4/schematic
[19:01:41.14] /o Scanning: GATES_HD/invr/schematic
[19:01:41.21] /o Scanning: D_CELLS_HDLL/DFFHDLLX0/cmos_sch
[19:01:41.22] /o Computing terminal lists
[19:01:41.22] /o Processing terminals of module GATES_HD/invr/schematic
[19:01:41.22] /o Processing terminals of module D_CELLS_HDLL/DFFHDLLX0/cmos_sch
[19:01:41.23] /w Warning: Port 'gnd' given in termOrder/portOrder does not exist in the design 'D_CELLS_HDLL/DFFHDLLX0/cmos_sch'. (NETLISTING-083)
[19:01:41.23] /w Warning: Port 'vdd' given in termOrder/portOrder does not exist in the design 'D_CELLS_HDLL/DFFHDLLX0/cmos_sch'. (NETLISTING-083)
[19:01:41.23] /w Warning: Both portOrder and termOrder exists for 'D_CELLS_HDLL/DFFHDLLX0/cmos_sch'. The termOrder '(CN D Q QN gnd vdd)' will be used. (NETLISTING-079)
[19:01:41.23] /o Processing terminals of module clk/clkx0x4/schematic
[19:01:41.23] /o Starting netlisting
[19:01:41.29] /m Information: "Netlisting design "clk/clkx0x4/schematic" finished successfully." (NETLISTING-012)
[19:01:41.31] /m Information: Composing simulator input file for design "clk/clkx0x4/schematic"...
[19:01:41.46] /m Information: Simulator input file composed successfully for design "clk/clkx0x4/schematic"
[19:01:41.46] /o saeInterBGSaeShell:  ::sa::netlistAndRun::updateBgNRunMsg /home/ORTIZ_ARIAS/simulation/clk,clkx0x4,schematic/history_1/simulation/default/PrimeSimHSPICE/nominal/results "Creating final netlist for testbench default ..." 0 0
[19:01:41.62] /o 
[19:01:41.78] /o saeInterBGSaeShell:  ::sa::netlistAndRun::updateBgNRunMsg /home/ORTIZ_ARIAS/simulation/clk,clkx0x4,schematic/history_1/simulation/default/PrimeSimHSPICE/nominal/results "Composing simulation job for testbench default - Nominal " 1 1
[19:01:41.80] /o saeInterBGSaeShell:  ::sa::_backgroundSaeShell::scriptFinished 1.6 {} sa::_testSuite::netlistAndRun::structNetlistingDone scriptDir /home/ORTIZ_ARIAS/simulation/clk,clkx0x4,schematic testSuiteName saeSession0 cmdArgs {default 1 1 0 1 0} taskId 1 isReRun 1
[19:01:41.80] /o false
[19:01:49.37] /i ::sa::_backgroundSaeShell::runScript /home/ORTIZ_ARIAS/simulation/clk,clkx0x4,schematic/history_1/simulation/default/PrimeSimHSPICE/nominal/.bg_measurement_script.tcl 0 sa::_resultsDatabase::saeShellProcessingCompletedProc testSuiteName saeSession0 uniqueSessionName {} testbenchName default resultsDir /home/ORTIZ_ARIAS/simulation/clk,clkx0x4,schematic/history_1/simulation/default/PrimeSimHSPICE/nominal/results testSuiteDir /home/ORTIZ_ARIAS/simulation/clk,clkx0x4,schematic/history_1/simulation/default/PrimeSimHSPICE/nominal databaseName /home/ORTIZ_ARIAS/simulation/clk,clkx0x4,schematic/history_1/simulation/default/PrimeSimHSPICE/nominal/resultsDatabase remoteRun {} testbenchId 1 saveImages true
[19:01:49.40] /m Information: Feature 'SynopsysCustomSAE' checked in. (LICENSE-004)
[19:01:49.41] /o 
[19:01:49.41] /m Information: Feature 'SynopsysCustomSAE' checked out. (LICENSE-003)
[19:01:49.69] /m Information: Loading preferences from /home/ORTIZ_ARIAS/simulation/clk,clkx0x4,schematic/history_1/simulation/default/PrimeSimHSPICE/nominal/pw_shell_session_prefs.xml
[19:01:50.22] /m Information: Start incremental database creation...
[19:01:50.25] /m Information: Create Iter role param id map
[19:01:50.28] /o saeInterBGSaeShell:  ::sa::_backgroundSaeShell::scriptFinished 0.8 {} sa::_resultsDatabase::saeShellProcessingCompletedProc testSuiteName saeSession0 uniqueSessionName {} testbenchName default resultsDir /home/ORTIZ_ARIAS/simulation/clk,clkx0x4,schematic/history_1/simulation/default/PrimeSimHSPICE/nominal/results testSuiteDir /home/ORTIZ_ARIAS/simulation/clk,clkx0x4,schematic/history_1/simulation/default/PrimeSimHSPICE/nominal databaseName /home/ORTIZ_ARIAS/simulation/clk,clkx0x4,schematic/history_1/simulation/default/PrimeSimHSPICE/nominal/resultsDatabase remoteRun {} testbenchId 1 saveImages true
[19:01:50.28] /o false
[19:01:50.28] /i ::wf::viewerExited
[19:05:15.01] /i ::wf::viewerExited
[19:05:16.54] /i ::wf::updateViewerLicense 2
[19:05:42.21] /i ::sa::_backgroundSaeShell::runScript /home/ORTIZ_ARIAS/simulation/clk,clkx0x4,schematic/bg_script.tcl 0 sa::_testSuite::netlistAndRun::structNetlistingDone scriptDir /home/ORTIZ_ARIAS/simulation/clk,clkx0x4,schematic testSuiteName saeSession0 cmdArgs {default 1 1 0 1 0} taskId 2 isReRun 1
[19:05:42.25] /m Information: Feature 'SynopsysCustomSAE' checked in. (LICENSE-004)
[19:05:42.25] /o 
[19:05:42.26] /m Information: Feature 'SynopsysCustomSAE' checked out. (LICENSE-003)
[19:05:43.29] /w Warning: Preference 'dbParamTrimTrailingZeroesAfterDecimalPoint' is deprecated and scheduled for removal in a future release with no replacement. For migration assistance, see the Custom Compiler Tcl Reference Manual. (PREFERENCE-058)
[19:05:43.41] /w Warning: Preference 'nlNanoSimShortPropNames' is deprecated and scheduled for removal in a future release. Use 'nlNanoSimIgnorePropNames' instead. For migration assistance, see the Custom Compiler Tcl Reference Manual. (PREFERENCE-070)
[19:05:43.42] /w Warning: Preference 'nlCDLPromoteConnectDefsAtTop' is deprecated and scheduled for removal in a future release. Use 'nlCDLTopVirtualTerms' instead. For migration assistance, see the Custom Compiler Tcl Reference Manual. (PREFERENCE-070)
[19:05:43.42] /w Warning: Preference 'nlVerilogShortPropNames' is deprecated and scheduled for removal in a future release. Use 'nlVerilogIgnorePropNames' instead. For migration assistance, see the Custom Compiler Tcl Reference Manual. (PREFERENCE-070)
[19:05:43.42] /w Warning: Preference 'nlCDLShortPropNames' is deprecated and scheduled for removal in a future release. Use 'nlCDLIgnorePropNames' instead. For migration assistance, see the Custom Compiler Tcl Reference Manual. (PREFERENCE-070)
[19:05:43.42] /w Warning: Preference 'nlEldoShortPropNames' is deprecated and scheduled for removal in a future release. Use 'nlEldoIgnorePropNames' instead. For migration assistance, see the Custom Compiler Tcl Reference Manual. (PREFERENCE-070)
[19:05:43.42] /w Warning: Preference 'nlSpectreAMSShortPropNames' is deprecated and scheduled for removal in a future release. Use 'nlSpectreAMSIgnorePropNames' instead. For migration assistance, see the Custom Compiler Tcl Reference Manual. (PREFERENCE-070)
[19:05:43.42] /w Warning: Preference 'nlVHDLShortPropNames' is deprecated and scheduled for removal in a future release. Use 'nlVHDLIgnorePropNames' instead. For migration assistance, see the Custom Compiler Tcl Reference Manual. (PREFERENCE-070)
[19:05:43.42] /w Warning: Preference 'nlVerilogICCShortPropNames' is deprecated and scheduled for removal in a future release. Use 'nlVerilogICCIgnorePropNames' instead. For migration assistance, see the Custom Compiler Tcl Reference Manual. (PREFERENCE-070)
[19:05:43.42] /w Warning: Preference 'nlPromoteTerms' is deprecated and scheduled for removal in a future release with no replacement. For migration assistance, see the Custom Compiler Tcl Reference Manual. (PREFERENCE-058)
[19:05:43.42] /w Warning: Preference 'nlAMSShortPropNames' is deprecated and scheduled for removal in a future release. Use 'nlAMSIgnorePropNames' instead. For migration assistance, see the Custom Compiler Tcl Reference Manual. (PREFERENCE-070)
[19:05:43.42] /w Warning: Preference 'nlSpectreShortPropNames' is deprecated and scheduled for removal in a future release. Use 'nlSpectreIgnorePropNames' instead. For migration assistance, see the Custom Compiler Tcl Reference Manual. (PREFERENCE-070)
[19:05:43.42] /w Warning: Preference 'nlHSPICEShortPropNames' is deprecated and scheduled for removal in a future release. Use 'nlHSPICEIgnorePropNames' instead. For migration assistance, see the Custom Compiler Tcl Reference Manual. (PREFERENCE-070)
[19:05:43.46] /o saeInterBGSaeShell:  ::sa::netlistAndRun::updateBgNRunMsg /home/ORTIZ_ARIAS/simulation/clk,clkx0x4,schematic/history_1/simulation/default/PrimeSimHSPICE/nominal/results "Creating structural netlist for testbench default ..." 0 1
[19:05:43.56] /m Information: "Starting incremental netlisting for design "clk/clkx0x4/schematic"..." (NETLISTING-010)
[19:05:43.75] /o Netlisting
[19:05:43.75] /o Creating output directories
[19:05:43.94] /m Information: 
[19:05:43.94] /o Checking "clk/clkx0x4/schematic"
[19:05:43.94] /o No rule violations found in "clk/clkx0x4/schematic"
[19:05:43.94] /o No Design Integrity rule violations found in "clk/clkx0x4/schematic"
[19:05:43.94] /o Scanning: clk/clkx0x4/schematic
[19:05:43.98] /o Scanning: GATES_HD/invr/schematic
[19:05:44.08] /o Scanning: D_CELLS_HDLL/DFFHDLLX0/cmos_sch
[19:05:44.09] /o Computing terminal lists
[19:05:44.09] /o Processing terminals of module GATES_HD/invr/schematic
[19:05:44.09] /o Processing terminals of module D_CELLS_HDLL/DFFHDLLX0/cmos_sch
[19:05:44.10] /w Warning: Port 'gnd' given in termOrder/portOrder does not exist in the design 'D_CELLS_HDLL/DFFHDLLX0/cmos_sch'. (NETLISTING-083)
[19:05:44.10] /w Warning: Port 'vdd' given in termOrder/portOrder does not exist in the design 'D_CELLS_HDLL/DFFHDLLX0/cmos_sch'. (NETLISTING-083)
[19:05:44.10] /w Warning: Both portOrder and termOrder exists for 'D_CELLS_HDLL/DFFHDLLX0/cmos_sch'. The termOrder '(CN D Q QN gnd vdd)' will be used. (NETLISTING-079)
[19:05:44.10] /o Processing terminals of module clk/clkx0x4/schematic
[19:05:44.10] /o Starting netlisting
[19:05:44.17] /m Information: "Netlisting design "clk/clkx0x4/schematic" finished successfully." (NETLISTING-012)
[19:05:44.19] /m Information: Composing simulator input file for design "clk/clkx0x4/schematic"...
[19:05:44.53] /m Information: Simulator input file composed successfully for design "clk/clkx0x4/schematic"
[19:05:44.53] /o saeInterBGSaeShell:  ::sa::netlistAndRun::updateBgNRunMsg /home/ORTIZ_ARIAS/simulation/clk,clkx0x4,schematic/history_1/simulation/default/PrimeSimHSPICE/nominal/results "Creating final netlist for testbench default ..." 0 0
[19:05:44.70] /o 
[19:05:44.91] /o saeInterBGSaeShell:  ::sa::netlistAndRun::updateBgNRunMsg /home/ORTIZ_ARIAS/simulation/clk,clkx0x4,schematic/history_1/simulation/default/PrimeSimHSPICE/nominal/results "Composing simulation job for testbench default - Nominal " 1 1
[19:05:44.96] /o saeInterBGSaeShell:  ::sa::_backgroundSaeShell::scriptFinished 2.7 {} sa::_testSuite::netlistAndRun::structNetlistingDone scriptDir /home/ORTIZ_ARIAS/simulation/clk,clkx0x4,schematic testSuiteName saeSession0 cmdArgs {default 1 1 0 1 0} taskId 2 isReRun 1
[19:05:44.96] /o false
[19:05:54.34] /i ::sa::_backgroundSaeShell::runScript /home/ORTIZ_ARIAS/simulation/clk,clkx0x4,schematic/history_1/simulation/default/PrimeSimHSPICE/nominal/.bg_measurement_script.tcl 0 sa::_resultsDatabase::saeShellProcessingCompletedProc testSuiteName saeSession0 uniqueSessionName {} testbenchName default resultsDir /home/ORTIZ_ARIAS/simulation/clk,clkx0x4,schematic/history_1/simulation/default/PrimeSimHSPICE/nominal/results testSuiteDir /home/ORTIZ_ARIAS/simulation/clk,clkx0x4,schematic/history_1/simulation/default/PrimeSimHSPICE/nominal databaseName /home/ORTIZ_ARIAS/simulation/clk,clkx0x4,schematic/history_1/simulation/default/PrimeSimHSPICE/nominal/resultsDatabase remoteRun {} testbenchId 1 saveImages true
[19:05:54.42] /m Information: Feature 'SynopsysCustomSAE' checked in. (LICENSE-004)
[19:05:54.43] /o 
[19:05:54.43] /m Information: Feature 'SynopsysCustomSAE' checked out. (LICENSE-003)
[19:05:54.66] /m Information: Loading preferences from /home/ORTIZ_ARIAS/simulation/clk,clkx0x4,schematic/history_1/simulation/default/PrimeSimHSPICE/nominal/pw_shell_session_prefs.xml
[19:05:55.59] /m Information: Start incremental database creation...
[19:05:55.62] /m Information: Create Iter role param id map
[19:05:55.65] /o saeInterBGSaeShell:  ::sa::_backgroundSaeShell::scriptFinished 1.3 {} sa::_resultsDatabase::saeShellProcessingCompletedProc testSuiteName saeSession0 uniqueSessionName {} testbenchName default resultsDir /home/ORTIZ_ARIAS/simulation/clk,clkx0x4,schematic/history_1/simulation/default/PrimeSimHSPICE/nominal/results testSuiteDir /home/ORTIZ_ARIAS/simulation/clk,clkx0x4,schematic/history_1/simulation/default/PrimeSimHSPICE/nominal databaseName /home/ORTIZ_ARIAS/simulation/clk,clkx0x4,schematic/history_1/simulation/default/PrimeSimHSPICE/nominal/resultsDatabase remoteRun {} testbenchId 1 saveImages true
[19:05:55.65] /o false
[19:05:55.67] /i ::wf::viewerExited
[19:10:25.12] /i ::wf::viewerExited
[19:10:26.80] /i ::wf::updateViewerLicense 2
[19:10:56.86] /o saeInterBGSaeShell:  ::sa::_backgroundSaeShell::pingBack
[19:10:57.20] /m Information: Feature 'SynopsysCustomSAE' checked in. (LICENSE-004)
[19:10:57.20] /m Information: Stopped sharing "Primewave" license. (WAVEFORM-111)
[19:10:57.21] /m Information: Stopped sharing "Custom WaveView ADV" license. (WAVEFORM-111)
[19:11:00.60] /i ::sa::_backgroundSaeShell::exit
[19:11:00.60] /o saeInterBGSaeShell:  ::sa::_backgroundSaeShell::childFormallyExiting
[19:11:03.03] /o Shutdown time: Wed Oct 30 19:11:03 2024
[19:11:03.03] /o Elapsed session real time: 10.86 minutes
[19:11:03.03] /o Session terminated. Log is at /mnt/vol_NFS_rh003/Est_VLSI_II_2024/kortiz/Proyecto_III/synopsys_custom/logs/primewave.ORTIZ_ARIAS.2024_10_30_190007_522531.log
[19:11:04.86] /o signal number = 15
              /c Information: Received "Terminate" signal. Sending  PID: 522149 UID: 1150 Process name: "". Process is terminated.
[19:11:04.88] /e Error: The application was unexpectedly terminated.
              /c See the session log file for recovery details. (SHUT_DOWN-001)
